TN:
SF:/home/runner/work/neml2/neml2/src/neml2/base/CrossRef.cxx
FN:33,45,_ZNK5neml28CrossRefIN2at6TensorEEcvS2_Ev
FN:48,60,_ZNK5neml28CrossRefINS_6TensorEEcvS1_Ev
FN:76,76,_ZNK5neml28CrossRefINS_10QuaternionEEcvS1_Ev
FN:76,76,_ZNK5neml28CrossRefINS_11MillerIndexEEcvS1_Ev
FN:76,76,_ZNK5neml28CrossRefINS_2R2EEcvS1_Ev
FN:76,76,_ZNK5neml28CrossRefINS_2R3EEcvS1_Ev
FN:76,76,_ZNK5neml28CrossRefINS_2R4EEcvS1_Ev
FN:76,76,_ZNK5neml28CrossRefINS_2R5EEcvS1_Ev
FN:76,76,_ZNK5neml28CrossRefINS_2R8EEcvS1_Ev
FN:76,76,_ZNK5neml28CrossRefINS_3RotEEcvS1_Ev
FN:76,76,_ZNK5neml28CrossRefINS_3SR2EEcvS1_Ev
FN:76,76,_ZNK5neml28CrossRefINS_3VecEEcvS1_Ev
FN:76,76,_ZNK5neml28CrossRefINS_3WR2EEcvS1_Ev
FN:76,76,_ZNK5neml28CrossRefINS_4SFR3EEcvS1_Ev
FN:76,76,_ZNK5neml28CrossRefINS_4SFR4EEcvS1_Ev
FN:76,76,_ZNK5neml28CrossRefINS_4SSR4EEcvS1_Ev
FN:76,76,_ZNK5neml28CrossRefINS_4SWR4EEcvS1_Ev
FN:76,76,_ZNK5neml28CrossRefINS_4WFR4EEcvS1_Ev
FN:76,76,_ZNK5neml28CrossRefINS_4WSR4EEcvS1_Ev
FN:76,76,_ZNK5neml28CrossRefINS_4WWR4EEcvS1_Ev
FN:76,76,_ZNK5neml28CrossRefINS_5SFFR4EEcvS1_Ev
FN:76,76,_ZNK5neml28CrossRefINS_5SSFR5EEcvS1_Ev
FN:76,76,_ZNK5neml28CrossRefINS_6SSSSR8EEcvS1_Ev
FN:76,76,_ZNK5neml28CrossRefINS_6ScalarEEcvS1_Ev
FNDA:11,_ZNK5neml28CrossRefIN2at6TensorEEcvS2_Ev
FNDA:24,_ZNK5neml28CrossRefINS_6TensorEEcvS1_Ev
FNDA:0,_ZNK5neml28CrossRefINS_10QuaternionEEcvS1_Ev
FNDA:140,_ZNK5neml28CrossRefINS_11MillerIndexEEcvS1_Ev
FNDA:31,_ZNK5neml28CrossRefINS_2R2EEcvS1_Ev
FNDA:4,_ZNK5neml28CrossRefINS_2R3EEcvS1_Ev
FNDA:4,_ZNK5neml28CrossRefINS_2R4EEcvS1_Ev
FNDA:4,_ZNK5neml28CrossRefINS_2R5EEcvS1_Ev
FNDA:0,_ZNK5neml28CrossRefINS_2R8EEcvS1_Ev
FNDA:20,_ZNK5neml28CrossRefINS_3RotEEcvS1_Ev
FNDA:137,_ZNK5neml28CrossRefINS_3SR2EEcvS1_Ev
FNDA:28,_ZNK5neml28CrossRefINS_3VecEEcvS1_Ev
FNDA:10,_ZNK5neml28CrossRefINS_3WR2EEcvS1_Ev
FNDA:4,_ZNK5neml28CrossRefINS_4SFR3EEcvS1_Ev
FNDA:4,_ZNK5neml28CrossRefINS_4SFR4EEcvS1_Ev
FNDA:15,_ZNK5neml28CrossRefINS_4SSR4EEcvS1_Ev
FNDA:0,_ZNK5neml28CrossRefINS_4SWR4EEcvS1_Ev
FNDA:4,_ZNK5neml28CrossRefINS_4WFR4EEcvS1_Ev
FNDA:0,_ZNK5neml28CrossRefINS_4WSR4EEcvS1_Ev
FNDA:0,_ZNK5neml28CrossRefINS_4WWR4EEcvS1_Ev
FNDA:0,_ZNK5neml28CrossRefINS_5SFFR4EEcvS1_Ev
FNDA:4,_ZNK5neml28CrossRefINS_5SSFR5EEcvS1_Ev
FNDA:0,_ZNK5neml28CrossRefINS_6SSSSR8EEcvS1_Ev
FNDA:1384,_ZNK5neml28CrossRefINS_6ScalarEEcvS1_Ev
FNF:24
FNH:17
DA:33,11
DA:38,11
DA:40,10
DA:43,30
DA:44,10
DA:48,24
DA:53,24
DA:55,13
DA:58,39
DA:59,13
DA:76,3129
LF:11
LH:11
end_of_record
TN:
SF:/home/runner/work/neml2/neml2/src/neml2/base/DiagnosticsInterface.cxx
FN:106,127,_ZNK5neml220DiagnosticsInterface31diagnostic_check_input_variableERSt6vectorINS_9DiagnosisESaIS2_EERKNS_12VariableBaseE
FN:130,146,_ZNK5neml220DiagnosticsInterface32diagnostic_check_output_variableERSt6vectorINS_9DiagnosisESaIS2_EERKNS_12VariableBaseE
FN:31,43,_ZN5neml28diagnoseERKNS_20DiagnosticsInterfaceE
FN:45,48,_ZN5neml220DiagnosticsInterfaceC2EPNS_11NEML2ObjectE
FN:51,56,_ZNK5neml220DiagnosticsInterface23diagnostic_assert_stateERSt6vectorINS_9DiagnosisESaIS2_EERKNS_12VariableBaseE
FN:59,69,_ZNK5neml220DiagnosticsInterface27diagnostic_assert_old_stateERSt6vectorINS_9DiagnosisESaIS2_EERKNS_12VariableBaseE
FN:72,77,_ZNK5neml220DiagnosticsInterface23diagnostic_assert_forceERSt6vectorINS_9DiagnosisESaIS2_EERKNS_12VariableBaseE
FN:80,90,_ZNK5neml220DiagnosticsInterface27diagnostic_assert_old_forceERSt6vectorINS_9DiagnosisESaIS2_EERKNS_12VariableBaseE
FN:93,103,_ZNK5neml220DiagnosticsInterface26diagnostic_assert_residualERSt6vectorINS_9DiagnosisESaIS2_EERKNS_12VariableBaseE
FNDA:295,_ZNK5neml220DiagnosticsInterface31diagnostic_check_input_variableERSt6vectorINS_9DiagnosisESaIS2_EERKNS_12VariableBaseE
FNDA:117,_ZNK5neml220DiagnosticsInterface32diagnostic_check_output_variableERSt6vectorINS_9DiagnosisESaIS2_EERKNS_12VariableBaseE
FNDA:129,_ZN5neml28diagnoseERKNS_20DiagnosticsInterfaceE
FNDA:501,_ZN5neml220DiagnosticsInterfaceC2EPNS_11NEML2ObjectE
FNDA:26,_ZNK5neml220DiagnosticsInterface23diagnostic_assert_stateERSt6vectorINS_9DiagnosisESaIS2_EERKNS_12VariableBaseE
FNDA:0,_ZNK5neml220DiagnosticsInterface27diagnostic_assert_old_stateERSt6vectorINS_9DiagnosisESaIS2_EERKNS_12VariableBaseE
FNDA:19,_ZNK5neml220DiagnosticsInterface23diagnostic_assert_forceERSt6vectorINS_9DiagnosisESaIS2_EERKNS_12VariableBaseE
FNDA:0,_ZNK5neml220DiagnosticsInterface27diagnostic_assert_old_forceERSt6vectorINS_9DiagnosisESaIS2_EERKNS_12VariableBaseE
FNDA:0,_ZNK5neml220DiagnosticsInterface26diagnostic_assert_residualERSt6vectorINS_9DiagnosisESaIS2_EERKNS_12VariableBaseE
FNF:9
FNH:6
DA:31,129
DA:33,129
DA:34,129
DA:36,129
DA:38,3
DA:39,7
DA:40,4
DA:41,3
DA:42,3
DA:43,129
DA:45,501
DA:46,501
DA:48,501
DA:51,26
DA:54,26
DA:55,26
DA:56,26
DA:59,0
DA:62,0
DA:63,0
DA:65,0
DA:69,0
DA:72,19
DA:75,19
DA:76,19
DA:77,19
DA:80,0
DA:83,0
DA:84,0
DA:86,0
DA:90,0
DA:93,0
DA:96,0
DA:97,0
DA:99,0
DA:103,0
DA:106,295
DA:109,295
DA:110,458
DA:111,458
DA:113,295
DA:127,295
DA:130,117
DA:133,117
DA:134,117
DA:136,117
DA:146,117
LF:47
LH:32
end_of_record
TN:
SF:/home/runner/work/neml2/neml2/src/neml2/base/EnumSelection.cxx
FN:31,35,_ZN5neml2lsERSoRKNS_13EnumSelectionE
FN:38,42,_ZN5neml2rsERSt18basic_stringstreamIcSt11char_traitsIcESaIcEERNS_13EnumSelectionE
FN:44,49,_ZN5neml213EnumSelectionC2ERKSt6vectorISsSaISsEERKSs
FN:51,57,_ZN5neml213EnumSelectionC2ERKSt6vectorISsSaISsEERKS1_IiSaIiEERKSs
FN:60,64,_ZNK5neml213EnumSelectioneqERKS0_
FN:67,70,_ZNK5neml213EnumSelectionneERKS0_
FN:73,76,_ZNK5neml213EnumSelectioneqERKSs
FN:79,82,_ZNK5neml213EnumSelectionneERKSs
FN:85,92,_ZN5neml213EnumSelection6selectERKSs
FNDA:1,_ZN5neml2lsERSoRKNS_13EnumSelectionE
FNDA:42,_ZN5neml2rsERSt18basic_stringstreamIcSt11char_traitsIcESaIcEERNS_13EnumSelectionE
FNDA:9,_ZN5neml213EnumSelectionC2ERKSt6vectorISsSaISsEERKSs
FNDA:1241,_ZN5neml213EnumSelectionC2ERKSt6vectorISsSaISsEERKS1_IiSaIiEERKSs
FNDA:7,_ZNK5neml213EnumSelectioneqERKS0_
FNDA:5,_ZNK5neml213EnumSelectionneERKS0_
FNDA:178,_ZNK5neml213EnumSelectioneqERKSs
FNDA:0,_ZNK5neml213EnumSelectionneERKSs
FNDA:1289,_ZN5neml213EnumSelection6selectERKSs
FNF:9
FNH:8
DA:31,1
DA:33,1
DA:34,1
DA:38,42
DA:40,42
DA:41,41
DA:44,9
DA:45,9
DA:46,17
DA:48,8
DA:49,9
DA:51,1241
DA:53,1241
DA:54,2480
DA:56,1239
DA:57,1240
DA:60,7
DA:62,9
DA:63,9
DA:67,5
DA:69,5
DA:73,178
DA:75,178
DA:79,0
DA:81,0
DA:85,1289
DA:87,1289
DA:89,2578
DA:90,1286
DA:91,1286
DA:92,1286
LF:31
LH:29
end_of_record
TN:
SF:/home/runner/work/neml2/neml2/src/neml2/base/EnumSelectionBase.cxx
FN:30,39,_ZN5neml217EnumSelectionBaseC2ERKSt6vectorISsSaISsEE
FN:41,56,_ZN5neml217EnumSelectionBaseC2ERKSt6vectorISsSaISsEERKS1_IiSaIiEE
FN:59,65,_ZNK5neml217EnumSelectionBase14candidates_strEv
FNDA:12,_ZN5neml217EnumSelectionBaseC2ERKSt6vectorISsSaISsEE
FNDA:1254,_ZN5neml217EnumSelectionBaseC2ERKSt6vectorISsSaISsEERKS1_IiSaIiEE
FNDA:2601,_ZNK5neml217EnumSelectionBase14candidates_strEv
FNF:3
FNH:3
DA:30,12
DA:32,12
DA:33,12
DA:36,11
DA:37,41
DA:38,30
DA:39,13
DA:41,1254
DA:42,1254
DA:44,1254
DA:47,1253
DA:48,1253
DA:51,1253
DA:52,1253
DA:54,5639
DA:55,4387
DA:56,1256
DA:59,2601
DA:61,2601
DA:62,11903
DA:63,9302
DA:64,5202
DA:65,2601
LF:23
LH:23
end_of_record
TN:
SF:/home/runner/work/neml2/neml2/src/neml2/base/Factory.cxx
FN:104,108,_ZN5neml27Factory14loaded_optionsEv
FN:111,129,_ZN5neml27Factory13create_objectERKSsRKNS_9OptionSetE
FN:146,149,_ZN5neml27Factory5clearEv
FN:35,49,_ZN5neml210load_inputERKNSt10filesystem4pathERKSs
FN:52,56,_ZN5neml212reload_inputERKNSt10filesystem4pathERKSs
FN:59,63,_ZN5neml29get_modelERKSsb
FN:66,70,_ZN5neml210load_modelERKNSt10filesystem4pathERKSs
FN:73,77,_ZN5neml212reload_modelERKNSt10filesystem4pathERKSs
FN:80,83,_ZN5neml210get_driverERKSs
FN:86,90,_ZN5neml27Factory3getEv
FN:93,101,_ZN5neml27Factory12load_optionsERKNS_16OptionCollectionE
FNDA:1,_ZN5neml27Factory14loaded_optionsEv
FNDA:1361,_ZN5neml27Factory13create_objectERKSsRKNS_9OptionSetE
FNDA:302,_ZN5neml27Factory5clearEv
FNDA:300,_ZN5neml210load_inputERKNSt10filesystem4pathERKSs
FNDA:290,_ZN5neml212reload_inputERKNSt10filesystem4pathERKSs
FNDA:136,_ZN5neml29get_modelERKSsb
FNDA:10,_ZN5neml210load_modelERKNSt10filesystem4pathERKSs
FNDA:10,_ZN5neml212reload_modelERKNSt10filesystem4pathERKSs
FNDA:126,_ZN5neml210get_driverERKSs
FNDA:2027,_ZN5neml27Factory3getEv
FNDA:300,_ZN5neml27Factory12load_optionsERKNS_16OptionCollectionE
FNF:11
FNH:11
DA:35,300
DA:37,300
DA:40,300
DA:42,300
DA:43,300
DA:44,300
DA:46,0
DA:48,298
DA:49,300
DA:52,290
DA:54,290
DA:55,290
DA:56,288
DA:59,136
DA:61,136
DA:62,408
DA:63,136
DA:66,10
DA:68,10
DA:69,10
DA:73,10
DA:75,10
DA:76,10
DA:80,126
DA:82,378
DA:86,2027
DA:88,2027
DA:89,2027
DA:93,300
DA:95,300
DA:97,300
DA:100,300
DA:101,300
DA:104,1
DA:106,1
DA:107,1
DA:111,1361
DA:113,1361
DA:114,1361
DA:116,1361
DA:117,1361
DA:118,1359
DA:122,1359
DA:124,0
DA:126,0
DA:127,0
DA:128,0
DA:129,1359
DA:146,302
DA:148,302
DA:149,302
LF:51
LH:46
end_of_record
TN:
SF:/home/runner/work/neml2/neml2/src/neml2/base/HITParser.cxx
FN:113,118,_ZNK5neml29HITParser15extract_optionsEPN3hit4NodeERNS_9OptionSetE
FN:122,172,_ZNK5neml29HITParser14extract_optionEPN3hit4NodeERNS_9OptionSetE
FN:39,93,_ZNK5neml29HITParser5parseERKNSt10filesystem4pathERKSs
FN:96,110,_ZNK5neml29HITParser22extract_object_optionsEPN3hit4NodeES3_
FNDA:3220,_ZNK5neml29HITParser15extract_optionsEPN3hit4NodeERNS_9OptionSetE
FNDA:6780,_ZNK5neml29HITParser14extract_optionEPN3hit4NodeERNS_9OptionSetE
FNDA:310,_ZNK5neml29HITParser5parseERKNSt10filesystem4pathERKSs
FNDA:3210,_ZNK5neml29HITParser22extract_object_optionsEPN3hit4NodeES3_
FNF:4
FNH:4
DA:39,310
DA:42,310
DA:43,310
DA:46,310
DA:47,310
DA:48,310
DA:51,310
DA:52,310
DA:55,310
DA:58,310
DA:59,310
DA:60,310
DA:63,310
DA:64,310
DA:65,310
DA:66,620
DA:67,310
DA:68,310
DA:70,310
DA:73,620
DA:74,310
DA:75,10
DA:78,1851
DA:80,1544
DA:81,1544
DA:83,580
DA:84,3787
DA:86,3210
DA:87,3207
DA:88,3207
DA:89,580
DA:92,614
DA:93,334
DA:96,3210
DA:99,6420
DA:101,3210
DA:102,3210
DA:105,3207
DA:106,3207
DA:107,3207
DA:109,6414
DA:110,3213
DA:113,3220
DA:115,13207
DA:116,9990
DA:117,9997
DA:118,3217
DA:122,6780
DA:135,6780
DA:137,6780
DA:138,70019
DA:139,70019
DA:141,6780
DA:143,6780
DA:146,6779
DA:150,6779
DA:151,5323
DA:152,5222
DA:153,5129
DA:154,5093
DA:155,4311
DA:156,3147
DA:157,2219
DA:158,1652
DA:159,1612
DA:160,1588
DA:161,1580
DA:166,6777
DA:168,6777
DA:170,6777
DA:172,6777
LF:71
LH:71
end_of_record
TN:
SF:/home/runner/work/neml2/neml2/src/neml2/base/MultiEnumSelection.cxx
FN:31,35,_ZN5neml2lsERSoRKNS_18MultiEnumSelectionE
FN:38,42,_ZN5neml2rsERSt18basic_stringstreamIcSt11char_traitsIcESaIcEERNS_18MultiEnumSelectionE
FN:44,49,_ZN5neml218MultiEnumSelectionC2ERKSt6vectorISsSaISsEES5_
FN:51,57,_ZN5neml218MultiEnumSelectionC2ERKSt6vectorISsSaISsEERKS1_IiSaIiEES5_
FN:60,64,_ZNK5neml218MultiEnumSelectioneqERKS0_
FN:67,70,_ZNK5neml218MultiEnumSelectionneERKS0_
FN:73,85,_ZN5neml218MultiEnumSelection6selectERKSt6vectorISsSaISsEE
FNDA:1,_ZN5neml2lsERSoRKNS_18MultiEnumSelectionE
FNDA:26,_ZN5neml2rsERSt18basic_stringstreamIcSt11char_traitsIcESaIcEERNS_18MultiEnumSelectionE
FNDA:3,_ZN5neml218MultiEnumSelectionC2ERKSt6vectorISsSaISsEES5_
FNDA:13,_ZN5neml218MultiEnumSelectionC2ERKSt6vectorISsSaISsEERKS1_IiSaIiEES5_
FNDA:4,_ZNK5neml218MultiEnumSelectioneqERKS0_
FNDA:3,_ZNK5neml218MultiEnumSelectionneERKS0_
FNDA:42,_ZN5neml218MultiEnumSelection6selectERKSt6vectorISsSaISsEE
FNF:7
FNH:7
DA:31,1
DA:33,1
DA:34,1
DA:38,26
DA:40,28
DA:41,25
DA:44,3
DA:45,3
DA:46,3
DA:48,3
DA:49,5
DA:51,13
DA:53,13
DA:54,13
DA:56,13
DA:57,15
DA:60,4
DA:62,5
DA:63,5
DA:67,3
DA:69,3
DA:73,42
DA:75,42
DA:76,42
DA:77,115
DA:79,76
DA:81,155
DA:82,73
DA:83,73
DA:85,39
LF:30
LH:30
end_of_record
TN:
SF:/home/runner/work/neml2/neml2/src/neml2/base/NEML2Object.cxx
FN:29,35,_ZN5neml211NEML2Object16expected_optionsEv
FN:37,41,_ZN5neml211NEML2ObjectC2ERKNS_9OptionSetE
FNDA:363,_ZN5neml211NEML2Object16expected_optionsEv
FNDA:1372,_ZN5neml211NEML2ObjectC2ERKNS_9OptionSetE
FNF:2
FNH:2
DA:29,363
DA:31,363
DA:32,726
DA:33,363
DA:34,363
DA:35,0
DA:37,1372
DA:38,1372
DA:39,2744
DA:41,1372
LF:10
LH:9
end_of_record
TN:
SF:/home/runner/work/neml2/neml2/src/neml2/base/OptionCollection.cxx
FN:30,33,_ZN5neml216OptionCollectionixERKSs
FN:36,39,_ZNK5neml216OptionCollectionixERKSs
FNDA:4640,_ZN5neml216OptionCollectionixERKSs
FNDA:1,_ZNK5neml216OptionCollectionixERKSs
FNF:2
FNH:2
DA:30,4640
DA:32,4640
DA:36,1
DA:38,1
LF:4
LH:4
end_of_record
TN:
SF:/home/runner/work/neml2/neml2/src/neml2/base/OptionSet.cxx
FN:105,111,_ZN5neml29OptionSetaSEOS0_
FN:114,118,_ZN5neml29OptionSetpLERKS0_
FN:121,125,_ZN5neml29OptionSetpLEOS0_
FN:190,193,_ZN5neml29OptionSet5beginEv
FN:196,199,_ZNK5neml29OptionSet5beginEv
FN:202,205,_ZN5neml29OptionSet3endEv
FN:208,211,_ZNK5neml29OptionSet3endEv
FN:31,41,_ZN5neml218options_compatibleERKNS_9OptionSetES2_
FN:44,47,_ZNK5neml29OptionSet8containsERKSs
FN:50,59,_ZNK5neml29OptionSet3getERKSs
FN:62,71,_ZN5neml29OptionSet3setERKSs
FN:74,77,_ZN5neml29OptionSet9set_inputERKSs
FN:80,83,_ZN5neml29OptionSet10set_outputERKSs
FN:86,89,_ZN5neml29OptionSet5clearEv
FN:91,91,_ZN5neml29OptionSetC2ERKS0_
FN:93,93,_ZN5neml29OptionSetC2EOS0_
FN:96,102,_ZN5neml29OptionSetaSERKS0_
FNDA:1458,_ZN5neml29OptionSetaSEOS0_
FNDA:16989,_ZN5neml29OptionSetpLERKS0_
FNDA:149,_ZN5neml29OptionSetpLEOS0_
FNDA:6780,_ZN5neml29OptionSet5beginEv
FNDA:1,_ZNK5neml29OptionSet5beginEv
FNDA:6780,_ZN5neml29OptionSet3endEv
FNDA:1,_ZNK5neml29OptionSet3endEv
FNDA:1,_ZN5neml218options_compatibleERKNS_9OptionSetES2_
FNDA:9066,_ZNK5neml29OptionSet8containsERKSs
FNDA:15,_ZNK5neml29OptionSet3getERKSs
FNDA:9045,_ZN5neml29OptionSet3setERKSs
FNDA:167,_ZN5neml29OptionSet9set_inputERKSs
FNDA:80,_ZN5neml29OptionSet10set_outputERKSs
FNDA:15628,_ZN5neml29OptionSet5clearEv
FNDA:10312,_ZN5neml29OptionSetC2ERKS0_
FNDA:1160,_ZN5neml29OptionSetC2EOS0_
FNDA:14170,_ZN5neml29OptionSetaSERKS0_
FNF:17
FNH:17
DA:31,1
DA:33,2
DA:35,1
DA:36,0
DA:37,1
DA:38,0
DA:40,1
DA:44,9066
DA:46,9066
DA:50,15
DA:52,15
DA:58,15
DA:62,9045
DA:64,9045
DA:70,9045
DA:74,167
DA:76,167
DA:80,80
DA:82,80
DA:86,15628
DA:88,15628
DA:89,15628
DA:91,10312
DA:93,1160
DA:96,14170
DA:98,14170
DA:99,14170
DA:100,14170
DA:101,14170
DA:105,1458
DA:107,1458
DA:108,1458
DA:109,1458
DA:110,1458
DA:114,16989
DA:116,170319
DA:117,153330
DA:118,16989
DA:121,149
DA:123,596
DA:124,447
DA:125,149
DA:190,6780
DA:192,6780
DA:196,1
DA:198,1
DA:202,6780
DA:204,6780
DA:208,1
DA:210,1
LF:50
LH:48
end_of_record
TN:
SF:/home/runner/work/neml2/neml2/src/neml2/base/Registry.cxx
FN:31,35,_ZN5neml28Registry3getEv
FN:38,42,_ZN5neml28Registry16expected_optionsEv
FN:45,53,_ZN5neml28Registry16expected_optionsERKSs
FN:56,60,_ZN5neml28Registry11syntax_typeERKSs
FN:63,71,_ZN5neml28Registry7builderERKSs
FN:74,88,_ZN5neml28Registry9add_innerERKSsS2_RKNS_9OptionSetEPFSt10shared_ptrINS_11NEML2ObjectEES5_E
FNDA:4920,_ZN5neml28Registry3getEv
FNDA:0,_ZN5neml28Registry16expected_optionsEv
FNDA:3210,_ZN5neml28Registry16expected_optionsERKSs
FNDA:0,_ZN5neml28Registry11syntax_typeERKSs
FNDA:1361,_ZN5neml28Registry7builderERKSs
FNDA:349,_ZN5neml28Registry9add_innerERKSsS2_RKNS_9OptionSetEPFSt10shared_ptrINS_11NEML2ObjectEES5_E
FNF:6
FNH:4
DA:31,4920
DA:33,4920
DA:34,4920
DA:38,0
DA:40,0
DA:41,0
DA:45,3210
DA:47,3210
DA:48,3210
DA:49,3210
DA:52,3210
DA:56,0
DA:58,0
DA:59,0
DA:63,1361
DA:65,1361
DA:66,1361
DA:67,1361
DA:70,1361
DA:74,349
DA:79,349
DA:80,349
DA:85,349
DA:86,349
DA:87,349
DA:88,349
LF:26
LH:20
end_of_record
TN:
SF:/home/runner/work/neml2/neml2/src/neml2/base/Settings.cxx
FN:33,97,_ZN5neml28Settings16expected_optionsEv
FN:99,134,_ZN5neml28SettingsC2ERKNS_9OptionSetE
FNDA:613,_ZN5neml28Settings16expected_optionsEv
FNDA:301,_ZN5neml28SettingsC2ERKNS_9OptionSetE
FNF:2
FNH:2
DA:33,613
DA:35,613
DA:36,613
DA:37,613
DA:39,1226
DA:45,3678
DA:46,613
DA:47,1226
DA:48,1839
DA:55,3678
DA:56,613
DA:57,1226
DA:58,1839
DA:60,1226
DA:61,1839
DA:66,613
DA:68,1226
DA:69,1839
DA:70,613
DA:72,1226
DA:73,1226
DA:75,1226
DA:76,1226
DA:78,1226
DA:79,1839
DA:80,613
DA:82,1226
DA:83,1839
DA:84,613
DA:86,1226
DA:87,1839
DA:89,613
DA:91,1226
DA:92,1226
DA:94,613
DA:96,1226
DA:97,613
DA:99,301
DA:102,301
DA:103,301
DA:106,602
DA:109,602
DA:112,602
DA:115,602
DA:116,602
DA:119,301
DA:120,301
DA:121,0
DA:124,301
DA:125,301
DA:126,0
DA:129,602
DA:130,301
DA:133,301
DA:134,301
LF:55
LH:53
end_of_record
TN:
SF:/home/runner/work/neml2/neml2/src/neml2/dispatcher/SimpleScheduler.cxx
FN:30,35,_ZN5neml215SimpleSchedulerC2EN3c106DeviceEmm
FN:38,46,_ZNK5neml215SimpleScheduler13schedule_workERN3c106DeviceERm
FN:49,52,_ZN5neml215SimpleScheduler15dispatched_workEN3c106DeviceEm
FN:55,59,_ZN5neml215SimpleScheduler14completed_workEN3c106DeviceEm
FNDA:0,_ZN5neml215SimpleSchedulerC2EN3c106DeviceEmm
FNDA:0,_ZNK5neml215SimpleScheduler13schedule_workERN3c106DeviceERm
FNDA:0,_ZN5neml215SimpleScheduler15dispatched_workEN3c106DeviceEm
FNDA:0,_ZN5neml215SimpleScheduler14completed_workEN3c106DeviceEm
FNF:4
FNH:0
DA:30,0
DA:31,0
DA:32,0
DA:33,0
DA:35,0
DA:38,0
DA:40,0
DA:41,0
DA:43,0
DA:44,0
DA:45,0
DA:49,0
DA:51,0
DA:52,0
DA:55,0
DA:57,0
DA:58,0
DA:59,0
LF:18
LH:0
end_of_record
TN:
SF:/home/runner/work/neml2/neml2/src/neml2/dispatcher/SliceGenerator.cxx
FN:31,40,_ZN5neml214SliceGeneratorC2Emm
FN:43,46,_ZNK5neml214SliceGenerator5totalEv
FN:49,54,_ZN5neml214SliceGenerator8generateEm
FNDA:0,_ZN5neml214SliceGeneratorC2Emm
FNDA:0,_ZNK5neml214SliceGenerator5totalEv
FNDA:0,_ZN5neml214SliceGenerator8generateEm
FNF:3
FNH:0
DA:31,0
DA:32,0
DA:33,0
DA:35,0
DA:37,0
DA:39,0
DA:40,0
DA:43,0
DA:45,0
DA:49,0
DA:51,0
DA:52,0
DA:53,0
DA:54,0
LF:14
LH:0
end_of_record
TN:
SF:/home/runner/work/neml2/neml2/src/neml2/dispatcher/StaticHybridScheduler.cxx
FN:103,122,_ZNK5neml221StaticHybridScheduler13schedule_workERN3c106DeviceERm
FN:125,128,_ZN5neml221StaticHybridScheduler27set_availability_calculatorESt8functionIFdRKNS0_12DeviceStatusEEE
FN:131,143,_ZN5neml221StaticHybridScheduler15dispatched_workEN3c106DeviceEm
FN:146,157,_ZN5neml221StaticHybridScheduler14completed_workEN3c106DeviceEm
FN:30,100,_ZN5neml221StaticHybridSchedulerC2ERKSt6vectorIN3c106DeviceESaIS3_EERKS1_ImSaImEESB_RKS1_IdSaIdEE
FNDA:0,_ZNK5neml221StaticHybridScheduler13schedule_workERN3c106DeviceERm
FNDA:0,_ZN5neml221StaticHybridScheduler27set_availability_calculatorESt8functionIFdRKNS0_12DeviceStatusEEE
FNDA:0,_ZN5neml221StaticHybridScheduler15dispatched_workEN3c106DeviceEm
FNDA:0,_ZN5neml221StaticHybridScheduler14completed_workEN3c106DeviceEm
FNDA:0,_ZN5neml221StaticHybridSchedulerC2ERKSt6vectorIN3c106DeviceESaIS3_EERKS1_ImSaImEESB_RKS1_IdSaIdEE
FNF:5
FNH:0
DA:30,0
DA:33,0
DA:39,0
DA:40,0
DA:42,0
DA:43,0
DA:45,0
DA:46,0
DA:48,0
DA:53,0
DA:54,0
DA:56,0
DA:57,0
DA:59,0
DA:60,0
DA:61,0
DA:62,0
DA:63,0
DA:66,0
DA:68,0
DA:71,0
DA:72,0
DA:73,0
DA:75,0
DA:79,0
DA:80,0
DA:81,0
DA:82,0
DA:83,0
DA:85,0
DA:89,0
DA:90,0
DA:91,0
DA:93,0
DA:97,0
DA:98,0
DA:99,0
DA:100,0
DA:103,0
DA:105,0
DA:106,0
DA:108,0
DA:109,0
DA:112,0
DA:113,0
DA:115,0
DA:116,0
DA:117,0
DA:121,0
DA:125,0
DA:127,0
DA:128,0
DA:131,0
DA:133,0
DA:134,0
DA:136,0
DA:138,0
DA:139,0
DA:142,0
DA:146,0
DA:148,0
DA:149,0
DA:151,0
DA:152,0
DA:153,0
DA:156,0
LF:66
LH:0
end_of_record
TN:
SF:/home/runner/work/neml2/neml2/src/neml2/dispatcher/TensorLoader.cxx
FN:29,34,_ZN5neml212TensorLoaderC2ERKNS_6TensorEl
FN:37,40,_ZNK5neml212TensorLoader5totalEv
FN:43,48,_ZN5neml212TensorLoader8generateEm
FNDA:0,_ZN5neml212TensorLoaderC2ERKNS_6TensorEl
FNDA:0,_ZNK5neml212TensorLoader5totalEv
FNDA:0,_ZN5neml212TensorLoader8generateEm
FNF:3
FNH:0
DA:29,0
DA:30,0
DA:31,0
DA:32,0
DA:34,0
DA:37,0
DA:39,0
DA:43,0
DA:45,0
DA:46,0
DA:47,0
DA:48,0
LF:12
LH:0
end_of_record
TN:
SF:/home/runner/work/neml2/neml2/src/neml2/dispatcher/ValueMapLoader.cxx
FN:30,48,_ZN5neml220broadcast_batch_sizeERKSt3mapINS_19LabeledAxisAccessorENS_6TensorESt4lessIS1_ESaISt4pairIKS1_S2_EEEl
FN:50,55,_ZN5neml214ValueMapLoaderC2ERKSt3mapINS_19LabeledAxisAccessorENS_6TensorESt4lessIS2_ESaISt4pairIKS2_S3_EEEl
FN:58,61,_ZNK5neml214ValueMapLoader5totalEv
FN:64,73,_ZN5neml214ValueMapLoader8generateEm
FNDA:0,_ZN5neml220broadcast_batch_sizeERKSt3mapINS_19LabeledAxisAccessorENS_6TensorESt4lessIS1_ESaISt4pairIKS1_S2_EEEl
FNDA:0,_ZN5neml214ValueMapLoaderC2ERKSt3mapINS_19LabeledAxisAccessorENS_6TensorESt4lessIS2_ESaISt4pairIKS2_S3_EEEl
FNDA:0,_ZNK5neml214ValueMapLoader5totalEv
FNDA:0,_ZN5neml214ValueMapLoader8generateEm
FNF:4
FNH:0
DA:30,0
DA:32,0
DA:33,0
DA:34,0
DA:35,0
DA:37,0
DA:38,0
DA:47,0
DA:50,0
DA:51,0
DA:52,0
DA:53,0
DA:55,0
DA:58,0
DA:60,0
DA:64,0
DA:66,0
DA:68,0
DA:69,0
DA:70,0
DA:72,0
DA:73,0
LF:22
LH:0
end_of_record
TN:
SF:/home/runner/work/neml2/neml2/src/neml2/drivers/Driver.cxx
FN:30,39,_ZN5neml26Driver16expected_optionsEv
FN:41,46,_ZN5neml26DriverC2ERKNS_9OptionSetE
FNDA:6,_ZN5neml26Driver16expected_optionsEv
FNDA:126,_ZN5neml26DriverC2ERKNS_9OptionSetE
FNF:2
FNH:2
DA:30,6
DA:32,6
DA:33,6
DA:35,12
DA:36,6
DA:38,6
DA:39,0
DA:41,126
DA:44,252
DA:46,126
LF:10
LH:9
end_of_record
TN:
SF:/home/runner/work/neml2/neml2/src/neml2/drivers/TransientDriver.cxx
FN:110,127,_ZN5neml215TransientDriverC2ERKNS_9OptionSetE
FN:130,151,_ZNK5neml215TransientDriver8diagnoseERSt6vectorINS_9DiagnosisESaIS2_EE
FN:154,174,_ZN5neml215TransientDriver3runEv
FN:177,208,_ZN5neml215TransientDriver5solveEv
FN:211,228,_ZN5neml215TransientDriver12advance_stepEv
FN:231,235,_ZN5neml215TransientDriver13update_forcesEv
FN:238,249,_ZN5neml215TransientDriver8apply_icEv
FN:252,285,_ZN5neml215TransientDriver15apply_predictorEv
FN:288,291,_ZN5neml215TransientDriver10solve_stepEv
FN:294,297,_ZN5neml215TransientDriver11store_inputEv
FN:300,303,_ZNK5neml215TransientDriver12save_as_pathEv
FN:306,334,_ZNK5neml215TransientDriver6resultEv
FN:33,58,_ZN5neml26set_icINS_10QuaternionEEEvRSt3mapINS_19LabeledAxisAccessorENS_6TensorESt4lessIS3_ESaISt4pairIKS3_S4_EEERKNS_9OptionSetERKSsSH_RKN3c106DeviceE
FN:33,58,_ZN5neml26set_icINS_11MillerIndexEEEvRSt3mapINS_19LabeledAxisAccessorENS_6TensorESt4lessIS3_ESaISt4pairIKS3_S4_EEERKNS_9OptionSetERKSsSH_RKN3c106DeviceE
FN:33,58,_ZN5neml26set_icINS_2R2EEEvRSt3mapINS_19LabeledAxisAccessorENS_6TensorESt4lessIS3_ESaISt4pairIKS3_S4_EEERKNS_9OptionSetERKSsSH_RKN3c106DeviceE
FN:33,58,_ZN5neml26set_icINS_2R3EEEvRSt3mapINS_19LabeledAxisAccessorENS_6TensorESt4lessIS3_ESaISt4pairIKS3_S4_EEERKNS_9OptionSetERKSsSH_RKN3c106DeviceE
FN:33,58,_ZN5neml26set_icINS_2R4EEEvRSt3mapINS_19LabeledAxisAccessorENS_6TensorESt4lessIS3_ESaISt4pairIKS3_S4_EEERKNS_9OptionSetERKSsSH_RKN3c106DeviceE
FN:33,58,_ZN5neml26set_icINS_2R5EEEvRSt3mapINS_19LabeledAxisAccessorENS_6TensorESt4lessIS3_ESaISt4pairIKS3_S4_EEERKNS_9OptionSetERKSsSH_RKN3c106DeviceE
FN:33,58,_ZN5neml26set_icINS_2R8EEEvRSt3mapINS_19LabeledAxisAccessorENS_6TensorESt4lessIS3_ESaISt4pairIKS3_S4_EEERKNS_9OptionSetERKSsSH_RKN3c106DeviceE
FN:33,58,_ZN5neml26set_icINS_3RotEEEvRSt3mapINS_19LabeledAxisAccessorENS_6TensorESt4lessIS3_ESaISt4pairIKS3_S4_EEERKNS_9OptionSetERKSsSH_RKN3c106DeviceE
FN:33,58,_ZN5neml26set_icINS_3SR2EEEvRSt3mapINS_19LabeledAxisAccessorENS_6TensorESt4lessIS3_ESaISt4pairIKS3_S4_EEERKNS_9OptionSetERKSsSH_RKN3c106DeviceE
FN:33,58,_ZN5neml26set_icINS_3VecEEEvRSt3mapINS_19LabeledAxisAccessorENS_6TensorESt4lessIS3_ESaISt4pairIKS3_S4_EEERKNS_9OptionSetERKSsSH_RKN3c106DeviceE
FN:33,58,_ZN5neml26set_icINS_3WR2EEEvRSt3mapINS_19LabeledAxisAccessorENS_6TensorESt4lessIS3_ESaISt4pairIKS3_S4_EEERKNS_9OptionSetERKSsSH_RKN3c106DeviceE
FN:33,58,_ZN5neml26set_icINS_4SFR3EEEvRSt3mapINS_19LabeledAxisAccessorENS_6TensorESt4lessIS3_ESaISt4pairIKS3_S4_EEERKNS_9OptionSetERKSsSH_RKN3c106DeviceE
FN:33,58,_ZN5neml26set_icINS_4SFR4EEEvRSt3mapINS_19LabeledAxisAccessorENS_6TensorESt4lessIS3_ESaISt4pairIKS3_S4_EEERKNS_9OptionSetERKSsSH_RKN3c106DeviceE
FN:33,58,_ZN5neml26set_icINS_4SSR4EEEvRSt3mapINS_19LabeledAxisAccessorENS_6TensorESt4lessIS3_ESaISt4pairIKS3_S4_EEERKNS_9OptionSetERKSsSH_RKN3c106DeviceE
FN:33,58,_ZN5neml26set_icINS_4SWR4EEEvRSt3mapINS_19LabeledAxisAccessorENS_6TensorESt4lessIS3_ESaISt4pairIKS3_S4_EEERKNS_9OptionSetERKSsSH_RKN3c106DeviceE
FN:33,58,_ZN5neml26set_icINS_4WFR4EEEvRSt3mapINS_19LabeledAxisAccessorENS_6TensorESt4lessIS3_ESaISt4pairIKS3_S4_EEERKNS_9OptionSetERKSsSH_RKN3c106DeviceE
FN:33,58,_ZN5neml26set_icINS_4WSR4EEEvRSt3mapINS_19LabeledAxisAccessorENS_6TensorESt4lessIS3_ESaISt4pairIKS3_S4_EEERKNS_9OptionSetERKSsSH_RKN3c106DeviceE
FN:33,58,_ZN5neml26set_icINS_4WWR4EEEvRSt3mapINS_19LabeledAxisAccessorENS_6TensorESt4lessIS3_ESaISt4pairIKS3_S4_EEERKNS_9OptionSetERKSsSH_RKN3c106DeviceE
FN:33,58,_ZN5neml26set_icINS_5SFFR4EEEvRSt3mapINS_19LabeledAxisAccessorENS_6TensorESt4lessIS3_ESaISt4pairIKS3_S4_EEERKNS_9OptionSetERKSsSH_RKN3c106DeviceE
FN:33,58,_ZN5neml26set_icINS_5SSFR5EEEvRSt3mapINS_19LabeledAxisAccessorENS_6TensorESt4lessIS3_ESaISt4pairIKS3_S4_EEERKNS_9OptionSetERKSsSH_RKN3c106DeviceE
FN:33,58,_ZN5neml26set_icINS_6SSSSR8EEEvRSt3mapINS_19LabeledAxisAccessorENS_6TensorESt4lessIS3_ESaISt4pairIKS3_S4_EEERKNS_9OptionSetERKSsSH_RKN3c106DeviceE
FN:33,58,_ZN5neml26set_icINS_6ScalarEEEvRSt3mapINS_19LabeledAxisAccessorENS_6TensorESt4lessIS3_ESaISt4pairIKS3_S4_EEERKNS_9OptionSetERKSsSH_RKN3c106DeviceE
FN:33,58,_ZN5neml26set_icINS_6TensorEEEvRSt3mapINS_19LabeledAxisAccessorES1_St4lessIS3_ESaISt4pairIKS3_S1_EEERKNS_9OptionSetERKSsSG_RKN3c106DeviceE
FN:337,358,_ZNK5neml215TransientDriver6outputEv
FN:361,364,_ZNK5neml215TransientDriver9output_ptERKNSt10filesystem4pathE
FN:61,108,_ZN5neml215TransientDriver16expected_optionsEv
FNDA:7,_ZN5neml215TransientDriverC2ERKNS_9OptionSetE
FNDA:7,_ZNK5neml215TransientDriver8diagnoseERSt6vectorINS_9DiagnosisESaIS2_EE
FNDA:7,_ZN5neml215TransientDriver3runEv
FNDA:7,_ZN5neml215TransientDriver5solveEv
FNDA:63,_ZN5neml215TransientDriver12advance_stepEv
FNDA:70,_ZN5neml215TransientDriver13update_forcesEv
FNDA:7,_ZN5neml215TransientDriver8apply_icEv
FNDA:63,_ZN5neml215TransientDriver15apply_predictorEv
FNDA:63,_ZN5neml215TransientDriver10solve_stepEv
FNDA:70,_ZN5neml215TransientDriver11store_inputEv
FNDA:12,_ZNK5neml215TransientDriver12save_as_pathEv
FNDA:5,_ZNK5neml215TransientDriver6resultEv
FNDA:7,_ZN5neml26set_icINS_10QuaternionEEEvRSt3mapINS_19LabeledAxisAccessorENS_6TensorESt4lessIS3_ESaISt4pairIKS3_S4_EEERKNS_9OptionSetERKSsSH_RKN3c106DeviceE
FNDA:7,_ZN5neml26set_icINS_11MillerIndexEEEvRSt3mapINS_19LabeledAxisAccessorENS_6TensorESt4lessIS3_ESaISt4pairIKS3_S4_EEERKNS_9OptionSetERKSsSH_RKN3c106DeviceE
FNDA:7,_ZN5neml26set_icINS_2R2EEEvRSt3mapINS_19LabeledAxisAccessorENS_6TensorESt4lessIS3_ESaISt4pairIKS3_S4_EEERKNS_9OptionSetERKSsSH_RKN3c106DeviceE
FNDA:7,_ZN5neml26set_icINS_2R3EEEvRSt3mapINS_19LabeledAxisAccessorENS_6TensorESt4lessIS3_ESaISt4pairIKS3_S4_EEERKNS_9OptionSetERKSsSH_RKN3c106DeviceE
FNDA:7,_ZN5neml26set_icINS_2R4EEEvRSt3mapINS_19LabeledAxisAccessorENS_6TensorESt4lessIS3_ESaISt4pairIKS3_S4_EEERKNS_9OptionSetERKSsSH_RKN3c106DeviceE
FNDA:7,_ZN5neml26set_icINS_2R5EEEvRSt3mapINS_19LabeledAxisAccessorENS_6TensorESt4lessIS3_ESaISt4pairIKS3_S4_EEERKNS_9OptionSetERKSsSH_RKN3c106DeviceE
FNDA:7,_ZN5neml26set_icINS_2R8EEEvRSt3mapINS_19LabeledAxisAccessorENS_6TensorESt4lessIS3_ESaISt4pairIKS3_S4_EEERKNS_9OptionSetERKSsSH_RKN3c106DeviceE
FNDA:7,_ZN5neml26set_icINS_3RotEEEvRSt3mapINS_19LabeledAxisAccessorENS_6TensorESt4lessIS3_ESaISt4pairIKS3_S4_EEERKNS_9OptionSetERKSsSH_RKN3c106DeviceE
FNDA:7,_ZN5neml26set_icINS_3SR2EEEvRSt3mapINS_19LabeledAxisAccessorENS_6TensorESt4lessIS3_ESaISt4pairIKS3_S4_EEERKNS_9OptionSetERKSsSH_RKN3c106DeviceE
FNDA:7,_ZN5neml26set_icINS_3VecEEEvRSt3mapINS_19LabeledAxisAccessorENS_6TensorESt4lessIS3_ESaISt4pairIKS3_S4_EEERKNS_9OptionSetERKSsSH_RKN3c106DeviceE
FNDA:7,_ZN5neml26set_icINS_3WR2EEEvRSt3mapINS_19LabeledAxisAccessorENS_6TensorESt4lessIS3_ESaISt4pairIKS3_S4_EEERKNS_9OptionSetERKSsSH_RKN3c106DeviceE
FNDA:7,_ZN5neml26set_icINS_4SFR3EEEvRSt3mapINS_19LabeledAxisAccessorENS_6TensorESt4lessIS3_ESaISt4pairIKS3_S4_EEERKNS_9OptionSetERKSsSH_RKN3c106DeviceE
FNDA:7,_ZN5neml26set_icINS_4SFR4EEEvRSt3mapINS_19LabeledAxisAccessorENS_6TensorESt4lessIS3_ESaISt4pairIKS3_S4_EEERKNS_9OptionSetERKSsSH_RKN3c106DeviceE
FNDA:7,_ZN5neml26set_icINS_4SSR4EEEvRSt3mapINS_19LabeledAxisAccessorENS_6TensorESt4lessIS3_ESaISt4pairIKS3_S4_EEERKNS_9OptionSetERKSsSH_RKN3c106DeviceE
FNDA:7,_ZN5neml26set_icINS_4SWR4EEEvRSt3mapINS_19LabeledAxisAccessorENS_6TensorESt4lessIS3_ESaISt4pairIKS3_S4_EEERKNS_9OptionSetERKSsSH_RKN3c106DeviceE
FNDA:7,_ZN5neml26set_icINS_4WFR4EEEvRSt3mapINS_19LabeledAxisAccessorENS_6TensorESt4lessIS3_ESaISt4pairIKS3_S4_EEERKNS_9OptionSetERKSsSH_RKN3c106DeviceE
FNDA:7,_ZN5neml26set_icINS_4WSR4EEEvRSt3mapINS_19LabeledAxisAccessorENS_6TensorESt4lessIS3_ESaISt4pairIKS3_S4_EEERKNS_9OptionSetERKSsSH_RKN3c106DeviceE
FNDA:7,_ZN5neml26set_icINS_4WWR4EEEvRSt3mapINS_19LabeledAxisAccessorENS_6TensorESt4lessIS3_ESaISt4pairIKS3_S4_EEERKNS_9OptionSetERKSsSH_RKN3c106DeviceE
FNDA:7,_ZN5neml26set_icINS_5SFFR4EEEvRSt3mapINS_19LabeledAxisAccessorENS_6TensorESt4lessIS3_ESaISt4pairIKS3_S4_EEERKNS_9OptionSetERKSsSH_RKN3c106DeviceE
FNDA:7,_ZN5neml26set_icINS_5SSFR5EEEvRSt3mapINS_19LabeledAxisAccessorENS_6TensorESt4lessIS3_ESaISt4pairIKS3_S4_EEERKNS_9OptionSetERKSsSH_RKN3c106DeviceE
FNDA:7,_ZN5neml26set_icINS_6SSSSR8EEEvRSt3mapINS_19LabeledAxisAccessorENS_6TensorESt4lessIS3_ESaISt4pairIKS3_S4_EEERKNS_9OptionSetERKSsSH_RKN3c106DeviceE
FNDA:7,_ZN5neml26set_icINS_6ScalarEEEvRSt3mapINS_19LabeledAxisAccessorENS_6TensorESt4lessIS3_ESaISt4pairIKS3_S4_EEERKNS_9OptionSetERKSsSH_RKN3c106DeviceE
FNDA:7,_ZN5neml26set_icINS_6TensorEEEvRSt3mapINS_19LabeledAxisAccessorES1_St4lessIS3_ESaISt4pairIKS3_S1_EEERKNS_9OptionSetERKSsSG_RKN3c106DeviceE
FNDA:5,_ZNK5neml215TransientDriver6outputEv
FNDA:5,_ZNK5neml215TransientDriver9output_ptERKNSt10filesystem4pathE
FNDA:3,_ZN5neml215TransientDriver16expected_optionsEv
FNF:38
FNH:38
DA:33,161
DA:39,161
DA:40,161
DA:41,161
DA:47,161
DA:49,161
DA:51,162
DA:53,1
DA:56,1
DA:58,161
DA:61,3
DA:63,3
DA:65,6
DA:66,3
DA:68,9
DA:69,6
DA:70,6
DA:71,9
DA:73,3
DA:75,12
DA:76,3
DA:77,6
DA:78,6
DA:79,9
DA:81,6
DA:82,9
DA:83,3
DA:85,6
DA:86,6
DA:87,6
DA:88,9
DA:89,6
DA:90,6
DA:92,6
DA:93,9
DA:98,3
DA:105,549
DA:107,6
DA:108,3
DA:110,7
DA:112,7
DA:113,14
DA:114,21
DA:115,7
DA:116,7
DA:117,7
DA:118,14
DA:119,21
DA:120,14
DA:121,14
DA:122,7
DA:123,14
DA:124,28
DA:126,7
DA:127,7
DA:130,7
DA:132,7
DA:133,7
DA:135,14
DA:137,7
DA:139,7
DA:142,7
DA:143,7
DA:144,7
DA:145,20
DA:146,26
DA:147,13
DA:151,7
DA:154,7
DA:168,7
DA:170,7
DA:171,5
DA:173,7
DA:177,7
DA:179,77
DA:181,70
DA:186,70
DA:187,63
DA:188,70
DA:189,70
DA:191,7
DA:192,7
DA:196,63
DA:197,63
DA:198,63
DA:201,70
DA:207,7
DA:211,63
DA:214,63
DA:216,63
DA:217,180
DA:218,117
DA:219,63
DA:222,63
DA:224,63
DA:225,171
DA:226,108
DA:227,63
DA:228,63
DA:231,70
DA:233,70
DA:234,140
DA:235,140
DA:238,7
DA:242,644
DA:245,22
DA:246,15
DA:247,14
DA:248,29
DA:249,7
DA:252,63
DA:254,63
DA:255,27
DA:257,36
DA:258,117
DA:259,81
DA:261,162
DA:262,72
DA:263,18
DA:266,9
DA:267,1
DA:271,8
DA:272,8
DA:273,8
DA:274,8
DA:275,8
DA:277,8
DA:278,8
DA:279,8
DA:280,8
DA:283,0
DA:285,36
DA:288,63
DA:290,63
DA:291,63
DA:294,70
DA:296,70
DA:297,70
DA:300,12
DA:302,12
DA:306,5
DA:309,5
DA:310,55
DA:313,50
DA:314,414
DA:315,364
DA:316,50
DA:317,50
DA:320,5
DA:321,55
DA:324,50
DA:325,180
DA:326,130
DA:327,50
DA:328,50
DA:331,5
DA:332,25
DA:333,10
DA:334,10
DA:337,5
DA:339,5
DA:344,5
DA:345,5
DA:347,5
DA:348,5
DA:354,5
DA:358,5
DA:361,5
DA:363,5
DA:364,5
LF:170
LH:169
end_of_record
TN:
SF:/home/runner/work/neml2/neml2/src/neml2/drivers/solid_mechanics/LDISolidMechanicsDriver.cxx
FN:102,107,_ZN5neml223LDISolidMechanicsDriver22init_vorticity_controlERKNS_9OptionSetE
FN:110,139,_ZNK5neml223LDISolidMechanicsDriver8diagnoseERSt6vectorINS_9DiagnosisESaIS2_EE
FN:142,146,_ZN5neml223LDISolidMechanicsDriver13update_forcesEv
FN:149,160,_ZN5neml223LDISolidMechanicsDriver15apply_predictorEv
FN:32,67,_ZN5neml223LDISolidMechanicsDriver16expected_optionsEv
FN:69,76,_ZN5neml223LDISolidMechanicsDriverC2ERKNS_9OptionSetE
FN:79,83,_ZN5neml223LDISolidMechanicsDriver5setupEv
FN:86,91,_ZN5neml223LDISolidMechanicsDriver19init_strain_controlERKNS_9OptionSetE
FN:94,99,_ZN5neml223LDISolidMechanicsDriver19init_stress_controlERKNS_9OptionSetE
FNDA:1,_ZN5neml223LDISolidMechanicsDriver22init_vorticity_controlERKNS_9OptionSetE
FNDA:1,_ZNK5neml223LDISolidMechanicsDriver8diagnoseERSt6vectorINS_9DiagnosisESaIS2_EE
FNDA:10,_ZN5neml223LDISolidMechanicsDriver13update_forcesEv
FNDA:9,_ZN5neml223LDISolidMechanicsDriver15apply_predictorEv
FNDA:1,_ZN5neml223LDISolidMechanicsDriver16expected_optionsEv
FNDA:1,_ZN5neml223LDISolidMechanicsDriverC2ERKNS_9OptionSetE
FNDA:1,_ZN5neml223LDISolidMechanicsDriver5setupEv
FNDA:1,_ZN5neml223LDISolidMechanicsDriver19init_strain_controlERKNS_9OptionSetE
FNDA:0,_ZN5neml223LDISolidMechanicsDriver19init_stress_controlERKNS_9OptionSetE
FNF:9
FNH:8
DA:32,1
DA:34,1
DA:35,1
DA:36,1
DA:38,3
DA:39,2
DA:40,2
DA:41,2
DA:42,1
DA:44,3
DA:45,2
DA:46,2
DA:47,2
DA:48,1
DA:50,3
DA:51,2
DA:52,2
DA:53,2
DA:55,2
DA:56,3
DA:58,1
DA:59,2
DA:60,2
DA:61,1
DA:62,3
DA:63,2
DA:64,1
DA:66,1
DA:67,0
DA:69,1
DA:71,1
DA:72,2
DA:73,1
DA:74,4
DA:76,1
DA:79,1
DA:81,1
DA:82,1
DA:83,1
DA:86,1
DA:88,3
DA:89,1
DA:90,1
DA:91,1
DA:94,0
DA:96,0
DA:97,0
DA:98,0
DA:99,0
DA:102,1
DA:104,2
DA:105,1
DA:106,1
DA:107,1
DA:110,1
DA:112,1
DA:114,1
DA:116,2
DA:117,1
DA:120,1
DA:121,2
DA:123,1
DA:125,2
DA:129,1
DA:131,1
DA:132,1
DA:133,2
DA:134,1
DA:136,1
DA:139,1
DA:142,10
DA:144,10
DA:145,20
DA:146,20
DA:149,9
DA:151,9
DA:153,9
DA:155,1
DA:156,1
DA:157,1
DA:158,1
DA:159,1
DA:160,9
LF:83
LH:77
end_of_record
TN:
SF:/home/runner/work/neml2/neml2/src/neml2/drivers/solid_mechanics/SDTSolidMechanicsDriver.cxx
FN:32,49,_ZN5neml223SDTSolidMechanicsDriver16expected_optionsEv
FN:51,54,_ZN5neml223SDTSolidMechanicsDriverC2ERKNS_9OptionSetE
FN:57,62,_ZN5neml223SDTSolidMechanicsDriver19init_strain_controlERKNS_9OptionSetE
FN:65,70,_ZN5neml223SDTSolidMechanicsDriver19init_stress_controlERKNS_9OptionSetE
FNDA:1,_ZN5neml223SDTSolidMechanicsDriver16expected_optionsEv
FNDA:6,_ZN5neml223SDTSolidMechanicsDriverC2ERKNS_9OptionSetE
FNDA:4,_ZN5neml223SDTSolidMechanicsDriver19init_strain_controlERKNS_9OptionSetE
FNDA:1,_ZN5neml223SDTSolidMechanicsDriver19init_stress_controlERKNS_9OptionSetE
FNF:4
FNH:4
DA:32,1
DA:34,1
DA:35,1
DA:36,1
DA:38,3
DA:39,2
DA:40,2
DA:41,1
DA:43,3
DA:44,2
DA:45,2
DA:46,1
DA:48,1
DA:49,0
DA:51,6
DA:52,6
DA:54,6
DA:57,4
DA:59,8
DA:60,4
DA:61,4
DA:62,4
DA:65,1
DA:67,2
DA:68,1
DA:69,1
DA:70,1
LF:27
LH:26
end_of_record
TN:
SF:/home/runner/work/neml2/neml2/src/neml2/drivers/solid_mechanics/SolidMechanicsDriver.cxx
FN:105,110,_ZN5neml220SolidMechanicsDriver24init_temperature_controlERKNS_9OptionSetE
FN:113,164,_ZNK5neml220SolidMechanicsDriver8diagnoseERSt6vectorINS_9DiagnosisESaIS2_EE
FN:167,178,_ZN5neml220SolidMechanicsDriver13update_forcesEv
FN:30,63,_ZN5neml220SolidMechanicsDriver16expected_optionsEv
FN:65,70,_ZN5neml220SolidMechanicsDriverC2ERKNS_9OptionSetE
FN:73,90,_ZN5neml220SolidMechanicsDriver5setupEv
FN:93,102,_ZN5neml220SolidMechanicsDriver18init_mixed_controlERKNS_9OptionSetE
FNDA:1,_ZN5neml220SolidMechanicsDriver24init_temperature_controlERKNS_9OptionSetE
FNDA:7,_ZNK5neml220SolidMechanicsDriver8diagnoseERSt6vectorINS_9DiagnosisESaIS2_EE
FNDA:70,_ZN5neml220SolidMechanicsDriver13update_forcesEv
FNDA:2,_ZN5neml220SolidMechanicsDriver16expected_optionsEv
FNDA:7,_ZN5neml220SolidMechanicsDriverC2ERKNS_9OptionSetE
FNDA:7,_ZN5neml220SolidMechanicsDriver5setupEv
FNDA:1,_ZN5neml220SolidMechanicsDriver18init_mixed_controlERKNS_9OptionSetE
FNF:7
FNH:7
DA:30,2
DA:32,2
DA:33,2
DA:35,8
DA:36,2
DA:37,4
DA:38,6
DA:40,6
DA:41,4
DA:42,4
DA:43,4
DA:44,2
DA:46,6
DA:47,4
DA:48,4
DA:49,4
DA:52,2
DA:54,6
DA:55,6
DA:56,2
DA:57,4
DA:58,4
DA:60,2
DA:62,4
DA:63,2
DA:65,7
DA:67,7
DA:68,28
DA:70,7
DA:73,7
DA:75,7
DA:77,14
DA:78,5
DA:79,4
DA:80,1
DA:81,2
DA:82,1
DA:88,7
DA:89,1
DA:90,7
DA:93,1
DA:95,2
DA:96,1
DA:97,1
DA:99,2
DA:100,1
DA:101,1
DA:102,1
DA:105,1
DA:107,2
DA:108,1
DA:109,1
DA:110,1
DA:113,7
DA:115,7
DA:117,14
DA:118,7
DA:121,7
DA:123,14
DA:124,7
DA:127,14
DA:129,14
DA:132,7
DA:134,2
DA:135,1
DA:138,1
DA:140,2
DA:142,1
DA:144,2
DA:146,2
DA:150,14
DA:152,2
DA:153,1
DA:156,1
DA:157,2
DA:159,1
DA:161,2
DA:164,7
DA:167,70
DA:169,70
DA:171,140
DA:173,70
DA:174,20
DA:176,140
DA:177,20
DA:178,160
LF:86
LH:86
end_of_record
TN:
SF:/home/runner/work/neml2/neml2/src/neml2/jit/utils.cxx
FN:30,33,_ZN5neml219neml_assert_tracingEv
FN:36,39,_ZN5neml223neml_assert_not_tracingEv
FN:42,47,_ZN5neml223neml_assert_tracing_dbgEv
FN:50,55,_ZN5neml227neml_assert_not_tracing_dbgEv
FNDA:0,_ZN5neml219neml_assert_tracingEv
FNDA:0,_ZN5neml223neml_assert_not_tracingEv
FNDA:0,_ZN5neml223neml_assert_tracing_dbgEv
FNDA:0,_ZN5neml227neml_assert_not_tracing_dbgEv
FNF:4
FNH:0
DA:30,0
DA:32,0
DA:33,0
DA:36,0
DA:38,0
DA:39,0
DA:42,0
DA:45,0
DA:47,0
DA:50,0
DA:53,0
DA:55,0
LF:12
LH:0
end_of_record
TN:
SF:/home/runner/work/neml2/neml2/src/neml2/misc/error.cxx
FN:30,33,_ZNK5neml213NEMLException4whatEv
FN:38,40,_ZN5neml28internal10stream_allERSt19basic_ostringstreamIcSt11char_traitsIcESaIcEE
FNDA:21,_ZNK5neml213NEMLException4whatEv
FNDA:81,_ZN5neml28internal10stream_allERSt19basic_ostringstreamIcSt11char_traitsIcESaIcEE
FNF:2
FNH:2
DA:30,21
DA:32,21
DA:38,81
DA:40,81
LF:4
LH:4
end_of_record
TN:
SF:/home/runner/work/neml2/neml2/src/neml2/misc/math.cxx
FN:103,106,_ZN5neml24math15ConstantTensors19full_to_skew_factorEv
FN:109,112,_ZN5neml24math15ConstantTensors19skew_to_full_factorEv
FN:115,138,_ZN5neml24math15full_to_reducedERKNS_6TensorERKN2at6TensorES7_l
FN:141,161,_ZN5neml24math15reduced_to_fullERKNS_6TensorERKN2at6TensorES7_l
FN:164,171,_ZN5neml24math14full_to_mandelERKNS_6TensorEl
FN:174,181,_ZN5neml24math14mandel_to_fullERKNS_6TensorEl
FN:184,191,_ZN5neml24math12full_to_skewERKNS_6TensorEl
FN:194,201,_ZN5neml24math12skew_to_fullERKNS_6TensorEl
FN:204,265,_ZN5neml24math6jacrevERKNS_6TensorERKSt6vectorIS1_SaIS1_EEbbb
FN:268,271,_ZN5neml24math6jacrevERKNS_6TensorES3_bbb
FN:274,280,_ZN5neml24math15base_diag_embedERKNS_6TensorElll
FN:283,290,_ZN5neml24math19skew_and_sym_to_symERKNS_3SR2ERKNS_3WR2E
FN:293,299,_ZN5neml24math27d_skew_and_sym_to_sym_d_symERKNS_3WR2E
FN:302,308,_ZN5neml24math28d_skew_and_sym_to_sym_d_skewERKNS_3SR2E
FN:311,317,_ZN5neml24math22multiply_and_make_skewERKNS_3SR2ES3_
FN:320,326,_ZN5neml24math32d_multiply_and_make_skew_d_firstERKNS_3SR2E
FN:329,335,_ZN5neml24math33d_multiply_and_make_skew_d_secondERKNS_3SR2E
FN:338,344,_ZN5neml24math8base_catERKSt6vectorINS_6TensorESaIS2_EEl
FN:347,353,_ZN5neml24math10base_stackERKSt6vectorINS_6TensorESaIS2_EEl
FN:356,360,_ZN5neml24math8base_sumERKNS_6TensorEl
FN:363,367,_ZN5neml24math9base_meanERKNS_6TensorEl
FN:370,373,_ZN5neml24math3powERKdRKNS_6TensorE
FN:376,380,_ZN5neml24math3powERKNS_6TensorES3_
FN:38,57,_ZN5neml24math15ConstantTensorsC2Ev
FN:385,399,_ZN5neml24math6linalg11vector_normERKNS_6TensorE
FN:402,405,_ZN5neml24math6linalg3invERKNS_6TensorE
FN:408,411,_ZN5neml24math6linalg5solveERKNS_6TensorES4_
FN:414,418,_ZN5neml24math6linalg9lu_factorERKNS_6TensorEb
FN:421,424,_ZN5neml24math6linalg8lu_solveERKNS_6TensorES4_S4_bb
FN:60,64,_ZN5neml24math15ConstantTensors3getEv
FN:67,70,_ZN5neml24math15ConstantTensors18full_to_mandel_mapEv
FN:73,76,_ZN5neml24math15ConstantTensors18mandel_to_full_mapEv
FN:79,82,_ZN5neml24math15ConstantTensors21full_to_mandel_factorEv
FN:85,88,_ZN5neml24math15ConstantTensors21mandel_to_full_factorEv
FN:91,94,_ZN5neml24math15ConstantTensors16full_to_skew_mapEv
FN:97,100,_ZN5neml24math15ConstantTensors16skew_to_full_mapEv
FNDA:75,_ZN5neml24math15ConstantTensors19full_to_skew_factorEv
FNDA:52,_ZN5neml24math15ConstantTensors19skew_to_full_factorEv
FNDA:385,_ZN5neml24math15full_to_reducedERKNS_6TensorERKN2at6TensorES7_l
FNDA:327,_ZN5neml24math15reduced_to_fullERKNS_6TensorERKN2at6TensorES7_l
FNDA:310,_ZN5neml24math14full_to_mandelERKNS_6TensorEl
FNDA:275,_ZN5neml24math14mandel_to_fullERKNS_6TensorEl
FNDA:75,_ZN5neml24math12full_to_skewERKNS_6TensorEl
FNDA:52,_ZN5neml24math12skew_to_fullERKNS_6TensorEl
FNDA:99,_ZN5neml24math6jacrevERKNS_6TensorERKSt6vectorIS1_SaIS1_EEbbb
FNDA:95,_ZN5neml24math6jacrevERKNS_6TensorES3_bbb
FNDA:58,_ZN5neml24math15base_diag_embedERKNS_6TensorElll
FNDA:17,_ZN5neml24math19skew_and_sym_to_symERKNS_3SR2ERKNS_3WR2E
FNDA:4,_ZN5neml24math27d_skew_and_sym_to_sym_d_symERKNS_3WR2E
FNDA:2,_ZN5neml24math28d_skew_and_sym_to_sym_d_skewERKNS_3SR2E
FNDA:20,_ZN5neml24math22multiply_and_make_skewERKNS_3SR2ES3_
FNDA:4,_ZN5neml24math32d_multiply_and_make_skew_d_firstERKNS_3SR2E
FNDA:4,_ZN5neml24math33d_multiply_and_make_skew_d_secondERKNS_3SR2E
FNDA:6661,_ZN5neml24math8base_catERKSt6vectorINS_6TensorESaIS2_EEl
FNDA:549,_ZN5neml24math10base_stackERKSt6vectorINS_6TensorESaIS2_EEl
FNDA:0,_ZN5neml24math8base_sumERKNS_6TensorEl
FNDA:0,_ZN5neml24math9base_meanERKNS_6TensorEl
FNDA:40,_ZN5neml24math3powERKdRKNS_6TensorE
FNDA:3,_ZN5neml24math3powERKNS_6TensorES3_
FNDA:1,_ZN5neml24math15ConstantTensorsC2Ev
FNDA:1591,_ZN5neml24math6linalg11vector_normERKNS_6TensorE
FNDA:47,_ZN5neml24math6linalg3invERKNS_6TensorE
FNDA:1485,_ZN5neml24math6linalg5solveERKNS_6TensorES4_
FNDA:3,_ZN5neml24math6linalg9lu_factorERKNS_6TensorEb
FNDA:9,_ZN5neml24math6linalg8lu_solveERKNS_6TensorES4_S4_bb
FNDA:1424,_ZN5neml24math15ConstantTensors3getEv
FNDA:310,_ZN5neml24math15ConstantTensors18full_to_mandel_mapEv
FNDA:275,_ZN5neml24math15ConstantTensors18mandel_to_full_mapEv
FNDA:310,_ZN5neml24math15ConstantTensors21full_to_mandel_factorEv
FNDA:275,_ZN5neml24math15ConstantTensors21mandel_to_full_factorEv
FNDA:75,_ZN5neml24math15ConstantTensors16full_to_skew_mapEv
FNDA:52,_ZN5neml24math15ConstantTensors16skew_to_full_mapEv
FNF:36
FNH:34
DA:38,1
DA:40,8
DA:43,11
DA:45,8
DA:48,11
DA:50,5
DA:52,11
DA:54,5
DA:56,11
DA:57,9
DA:60,1424
DA:62,1424
DA:63,1424
DA:67,310
DA:69,310
DA:73,275
DA:75,275
DA:79,310
DA:81,310
DA:85,275
DA:87,275
DA:91,75
DA:93,75
DA:97,52
DA:99,52
DA:103,75
DA:105,75
DA:109,52
DA:111,52
DA:115,385
DA:120,385
DA:121,385
DA:122,385
DA:123,385
DA:124,385
DA:126,385
DA:127,385
DA:128,385
DA:130,385
DA:131,385
DA:134,770
DA:137,1155
DA:138,385
DA:141,327
DA:146,327
DA:147,327
DA:148,327
DA:149,327
DA:150,327
DA:152,327
DA:153,327
DA:154,327
DA:155,327
DA:156,327
DA:158,654
DA:159,654
DA:160,981
DA:161,327
DA:164,310
DA:168,620
DA:169,620
DA:170,620
DA:174,275
DA:178,550
DA:179,550
DA:180,550
DA:184,75
DA:188,150
DA:189,150
DA:190,150
DA:194,52
DA:198,104
DA:199,104
DA:200,104
DA:204,99
DA:210,99
DA:213,99
DA:214,15
DA:217,178
DA:218,94
DA:224,94
DA:227,84
DA:230,84
DA:231,84
DA:234,168
DA:235,84
DA:236,178
DA:237,188
DA:238,282
DA:241,299
DA:243,1075
DA:248,1720
DA:249,215
DA:251,215
DA:253,215
DA:255,455
DA:256,240
DA:257,720
DA:258,215
DA:261,178
DA:262,94
DA:264,84
DA:265,969
DA:268,95
DA:270,285
DA:271,95
DA:274,58
DA:277,116
DA:278,0
DA:279,174
DA:283,17
DA:287,17
DA:288,17
DA:289,34
DA:290,17
DA:293,4
DA:295,4
DA:296,4
DA:297,20
DA:298,28
DA:299,12
DA:302,2
DA:304,2
DA:305,2
DA:306,10
DA:307,14
DA:308,6
DA:311,20
DA:313,20
DA:314,20
DA:316,40
DA:317,20
DA:320,4
DA:322,4
DA:323,4
DA:324,20
DA:325,28
DA:326,12
DA:329,4
DA:331,4
DA:332,4
DA:333,20
DA:334,28
DA:335,12
DA:338,6661
DA:340,6661
DA:341,6661
DA:342,6661
DA:343,13322
DA:344,6661
DA:347,549
DA:349,549
DA:350,549
DA:351,549
DA:352,1098
DA:353,549
DA:356,0
DA:358,0
DA:359,0
DA:363,0
DA:365,0
DA:366,0
DA:370,40
DA:372,80
DA:376,3
DA:378,3
DA:379,6
DA:385,1591
DA:387,1591
DA:389,1591
DA:393,1591
DA:394,69
DA:396,3044
DA:397,3044
DA:398,3044
DA:402,47
DA:404,94
DA:408,1485
DA:410,2970
DA:414,3
DA:416,3
DA:417,6
DA:418,3
DA:421,9
DA:423,18
LF:185
LH:178
end_of_record
TN:
SF:/home/runner/work/neml2/neml2/src/neml2/misc/parser_utils.cxx
FN:104,113,_ZN5neml25utils6parse_IbEEvRT_RKSs
FN:117,123,_ZN5neml25utils13parse_vector_IbEEvRSt6vectorIT_SaIS3_EERKSs
FN:127,131,_ZN5neml25utils6parse_INS_19LabeledAxisAccessorEEEvRT_RKSs
FN:135,147,_ZN5neml25utils6parse_IN3c1011SmallVectorIlLj6EEEEEvRT_RKSs
FN:31,34,_ZNK5neml215ParserException4whatEv
FN:39,43,_ZN5neml25utilsrsERSt18basic_stringstreamIcSt11char_traitsIcESaIcEERN2at6TensorE
FN:46,56,_ZN5neml25utils4joinERKSt6vectorISsSaISsEERKSs
FN:59,77,_ZN5neml25utils5splitERKSsS2_
FN:80,87,_ZN5neml25utils4trimERKSsS2_
FN:90,93,_ZN5neml25utils10start_withESt17basic_string_viewIcSt11char_traitsIcEES4_
FN:96,100,_ZN5neml25utils8end_withESt17basic_string_viewIcSt11char_traitsIcEES4_
FNDA:196,_ZN5neml25utils6parse_IbEEvRT_RKSs
FNDA:42,_ZN5neml25utils13parse_vector_IbEEvRSt6vectorIT_SaIS3_EERKSs
FNDA:751,_ZN5neml25utils6parse_INS_19LabeledAxisAccessorEEEvRT_RKSs
FNDA:1534,_ZN5neml25utils6parse_IN3c1011SmallVectorIlLj6EEEEEvRT_RKSs
FNDA:5,_ZNK5neml215ParserException4whatEv
FNDA:1,_ZN5neml25utilsrsERSt18basic_stringstreamIcSt11char_traitsIcESaIcEERN2at6TensorE
FNDA:0,_ZN5neml25utils4joinERKSt6vectorISsSaISsEERKSs
FNDA:3656,_ZN5neml25utils5splitERKSsS2_
FNDA:14105,_ZN5neml25utils4trimERKSsS2_
FNDA:16173,_ZN5neml25utils10start_withESt17basic_string_viewIcSt11char_traitsIcEES4_
FNDA:1835,_ZN5neml25utils8end_withESt17basic_string_viewIcSt11char_traitsIcEES4_
FNF:11
FNH:10
DA:31,5
DA:33,5
DA:39,1
DA:41,3
DA:46,0
DA:48,0
DA:49,0
DA:51,0
DA:52,0
DA:53,0
DA:55,0
DA:56,0
DA:59,3656
DA:61,3656
DA:63,3656
DA:64,3656
DA:66,9363
DA:68,9347
DA:70,9347
DA:71,9347
DA:72,3640
DA:73,5707
DA:76,3656
DA:77,0
DA:80,14105
DA:82,14105
DA:83,14105
DA:84,34
DA:85,14088
DA:86,14088
DA:90,16173
DA:92,16173
DA:96,1835
DA:98,3670
DA:99,3670
DA:104,196
DA:106,196
DA:107,196
DA:108,107
DA:109,89
DA:110,88
DA:112,3
DA:113,196
DA:117,42
DA:119,42
DA:120,42
DA:121,156
DA:122,114
DA:123,42
DA:127,751
DA:129,751
DA:130,751
DA:131,751
DA:135,1534
DA:137,1534
DA:138,2
DA:139,3
DA:141,3066
DA:142,1533
DA:144,1533
DA:145,4517
DA:146,2984
DA:147,1533
LF:63
LH:54
end_of_record
TN:
SF:/home/runner/work/neml2/neml2/src/neml2/misc/types.cxx
FN:105,113,_ZNK5neml220TraceableTensorShape5sliceEll
FN:116,121,_ZNK5neml220TraceableTensorShape5sliceEl
FN:124,130,_ZNK5neml220TraceableTensorShape8concreteEv
FN:133,142,_ZNK5neml220TraceableTensorShape9as_tensorEv
FN:145,148,_ZN5neml2eqERKNS_20TraceableTensorShapeES2_
FN:151,154,_ZN5neml2neERKNS_20TraceableTensorShapeES2_
FN:157,162,_ZN5neml222default_tensor_optionsEv
FN:165,170,_ZN5neml230default_integer_tensor_optionsEv
FN:173,177,_ZN5neml213default_dtypeEv
FN:180,184,_ZN5neml221default_integer_dtypeEv
FN:187,191,_ZN5neml214default_deviceEv
FN:194,198,_ZN5neml217machine_precisionEv
FN:201,205,_ZN5neml29toleranceEv
FN:208,212,_ZN5neml217tighter_toleranceEv
FN:215,219,_ZN5neml221buffer_name_separatorEv
FN:222,226,_ZN5neml224parameter_name_separatorEv
FN:229,233,_ZN5neml234currently_solving_nonlinear_systemEv
FN:31,34,_ZNK5neml213TraceableSize9traceableEv
FN:37,48,_ZNK5neml213TraceableSize8concreteEv
FN:51,57,_ZNK5neml213TraceableSize9as_tensorEv
FN:60,63,_ZN5neml2eqERKNS_13TraceableSizeES2_
FN:66,69,_ZN5neml2neERKNS_13TraceableSizeES2_
FN:72,76,_ZN5neml2lsERSoRKNS_13TraceableSizeE
FN:78,82,_ZN5neml220TraceableTensorShapeC2ERKN3c1011SmallVectorIlLj6EEE
FN:84,88,_ZN5neml220TraceableTensorShapeC2EN3c108ArrayRefIlEE
FN:90,93,_ZN5neml220TraceableTensorShapeC2El
FN:95,102,_ZN5neml220TraceableTensorShapeC2ERKN2at6TensorE
FNDA:1149001,_ZNK5neml220TraceableTensorShape5sliceEll
FNDA:0,_ZNK5neml220TraceableTensorShape5sliceEl
FNDA:10488723,_ZNK5neml220TraceableTensorShape8concreteEv
FNDA:19905,_ZNK5neml220TraceableTensorShape9as_tensorEv
FNDA:5189626,_ZN5neml2eqERKNS_20TraceableTensorShapeES2_
FNDA:35,_ZN5neml2neERKNS_20TraceableTensorShapeES2_
FNDA:3334,_ZN5neml222default_tensor_optionsEv
FNDA:152,_ZN5neml230default_integer_tensor_optionsEv
FNDA:605,_ZN5neml213default_dtypeEv
FNDA:1016,_ZN5neml221default_integer_dtypeEv
FNDA:305,_ZN5neml214default_deviceEv
FNDA:396,_ZN5neml217machine_precisionEv
FNDA:303,_ZN5neml29toleranceEv
FNDA:303,_ZN5neml217tighter_toleranceEv
FNDA:464,_ZN5neml221buffer_name_separatorEv
FNDA:374,_ZN5neml224parameter_name_separatorEv
FNDA:7843,_ZN5neml234currently_solving_nonlinear_systemEv
FNDA:3066690,_ZNK5neml213TraceableSize9traceableEv
FNDA:3051773,_ZNK5neml213TraceableSize8concreteEv
FNDA:3800,_ZNK5neml213TraceableSize9as_tensorEv
FNDA:10,_ZN5neml2eqERKNS_13TraceableSizeES2_
FNDA:0,_ZN5neml2neERKNS_13TraceableSizeES2_
FNDA:0,_ZN5neml2lsERSoRKNS_13TraceableSizeE
FNDA:1068,_ZN5neml220TraceableTensorShapeC2ERKN3c1011SmallVectorIlLj6EEE
FNDA:79993,_ZN5neml220TraceableTensorShapeC2EN3c108ArrayRefIlEE
FNDA:0,_ZN5neml220TraceableTensorShapeC2El
FNDA:1269,_ZN5neml220TraceableTensorShapeC2ERKN2at6TensorE
FNF:27
FNH:23
DA:31,3066690
DA:33,3066690
DA:37,3051773
DA:39,3051773
DA:41,1504309
DA:43,1504309
DA:44,1504309
DA:47,1547464
DA:51,3800
DA:53,3800
DA:54,584
DA:56,3216
DA:60,10
DA:62,10
DA:66,0
DA:68,0
DA:72,0
DA:74,0
DA:75,0
DA:78,1068
DA:80,4144
DA:81,3076
DA:82,1068
DA:84,79993
DA:86,99164
DA:87,19171
DA:88,79993
DA:90,0
DA:91,0
DA:93,0
DA:95,1269
DA:97,1269
DA:98,1269
DA:100,2579
DA:101,2620
DA:102,2579
DA:105,1149001
DA:107,1149001
DA:108,0
DA:109,1149001
DA:110,73
DA:112,1149001
DA:116,0
DA:118,0
DA:119,0
DA:120,0
DA:124,10488723
DA:126,10488723
DA:127,13537225
DA:128,3048502
DA:129,10488723
DA:130,0
DA:133,19905
DA:135,19905
DA:136,16153
DA:138,3752
DA:139,7552
DA:140,3800
DA:141,3752
DA:142,3752
DA:145,5189626
DA:147,5189626
DA:151,35
DA:153,35
DA:157,3334
DA:160,3334
DA:161,3334
DA:165,152
DA:168,152
DA:169,152
DA:173,605
DA:176,605
DA:180,1016
DA:183,1016
DA:187,305
DA:189,305
DA:190,305
DA:194,396
DA:197,396
DA:201,303
DA:204,303
DA:208,303
DA:211,303
DA:215,464
DA:217,466
DA:218,464
DA:222,374
DA:224,376
DA:225,374
DA:229,7843
DA:232,7843
LF:91
LH:77
end_of_record
TN:
SF:/home/runner/work/neml2/neml2/src/neml2/misc/utils.cxx
FN:32,36,_ZN5neml25utils8demangleEPKc
FN:39,52,_ZN5neml25utils19extract_batch_sizesERKN2at6TensorEl
FN:55,59,_ZN5neml25utils12storage_sizeEN3c108ArrayRefIlEE
FN:62,67,_ZN5neml25utils11pad_prependEN3c108ArrayRefIlEEll
FN:70,76,_ZN5neml25utils11pad_prependERKN2at6TensorEll
FNDA:313398,_ZN5neml25utils8demangleEPKc
FNDA:59125,_ZN5neml25utils19extract_batch_sizesERKN2at6TensorEl
FNDA:10485,_ZN5neml25utils12storage_sizeEN3c108ArrayRefIlEE
FNDA:52198,_ZN5neml25utils11pad_prependEN3c108ArrayRefIlEEll
FNDA:3752,_ZN5neml25utils11pad_prependERKN2at6TensorEll
FNF:5
FNH:5
DA:32,313398
DA:35,313398
DA:39,59125
DA:43,59125
DA:45,7880
DA:46,11278
DA:47,3398
DA:48,7880
DA:49,7880
DA:51,51245
DA:55,10485
DA:57,10485
DA:58,10485
DA:62,52198
DA:64,52198
DA:65,52198
DA:66,52198
DA:67,0
DA:70,3752
DA:72,3752
DA:73,3752
DA:74,3752
DA:75,22512
DA:76,11256
LF:24
LH:23
end_of_record
TN:
SF:/home/runner/work/neml2/neml2/src/neml2/models/ArrheniusParameter.cxx
FN:33,54,_ZN5neml218ArrheniusParameter16expected_optionsEv
FN:56,63,_ZN5neml218ArrheniusParameterC2ERKNS_9OptionSetE
FN:66,84,_ZN5neml218ArrheniusParameter9set_valueEbbb
FNDA:1,_ZN5neml218ArrheniusParameter16expected_optionsEv
FNDA:2,_ZN5neml218ArrheniusParameterC2ERKNS_9OptionSetE
FNDA:5,_ZN5neml218ArrheniusParameter9set_valueEbbb
FNF:3
FNH:3
DA:33,1
DA:35,1
DA:36,1
DA:39,1
DA:41,2
DA:42,2
DA:44,2
DA:45,2
DA:47,2
DA:48,1
DA:50,3
DA:51,1
DA:53,1
DA:54,0
DA:56,2
DA:58,6
DA:59,10
DA:60,2
DA:61,4
DA:63,2
DA:66,5
DA:68,5
DA:70,5
DA:71,3
DA:73,5
DA:74,5
DA:76,2
DA:78,2
DA:79,1
DA:81,2
DA:82,1
DA:83,2
DA:84,5
LF:33
LH:32
end_of_record
TN:
SF:/home/runner/work/neml2/neml2/src/neml2/models/Assembler.cxx
FN:106,182,_ZNK5neml215MatrixAssembler20assemble_by_variableERKSt3mapINS_19LabeledAxisAccessorES1_IS2_NS_6TensorESt4lessIS2_ESaISt4pairIKS2_S3_EEES5_SaIS6_IS7_SA_EEE
FN:185,202,_ZNK5neml215MatrixAssembler17split_by_variableERKNS_6TensorE
FN:205,222,_ZNK5neml215MatrixAssembler16split_by_subaxisERKNS_6TensorE
FN:31,75,_ZNK5neml215VectorAssembler20assemble_by_variableERKSt3mapINS_19LabeledAxisAccessorENS_6TensorESt4lessIS2_ESaISt4pairIKS2_S3_EEE
FN:78,89,_ZNK5neml215VectorAssembler17split_by_variableERKNS_6TensorE
FN:92,103,_ZNK5neml215VectorAssembler16split_by_subaxisERKNS_6TensorE
FNDA:1247,_ZNK5neml215MatrixAssembler20assemble_by_variableERKSt3mapINS_19LabeledAxisAccessorES1_IS2_NS_6TensorESt4lessIS2_ESaISt4pairIKS2_S3_EEES5_SaIS6_IS7_SA_EEE
FNDA:9,_ZNK5neml215MatrixAssembler17split_by_variableERKNS_6TensorE
FNDA:3,_ZNK5neml215MatrixAssembler16split_by_subaxisERKNS_6TensorE
FNDA:1755,_ZNK5neml215VectorAssembler20assemble_by_variableERKSt3mapINS_19LabeledAxisAccessorENS_6TensorESt4lessIS2_ESaISt4pairIKS2_S3_EEE
FNDA:1590,_ZNK5neml215VectorAssembler17split_by_variableERKNS_6TensorE
FNDA:1,_ZNK5neml215VectorAssembler16split_by_subaxisERKNS_6TensorE
FNF:6
FNH:6
DA:31,1755
DA:33,1755
DA:36,1755
DA:37,1755
DA:42,1755
DA:43,6844
DA:45,5089
DA:46,5089
DA:48,5086
DA:49,5086
DA:51,5086
DA:53,5086
DA:55,5086
DA:56,5086
DA:58,1755
DA:59,1755
DA:64,1755
DA:67,1755
DA:68,6844
DA:69,5089
DA:70,5086
DA:72,3
DA:74,3510
DA:75,1755
DA:78,1590
DA:80,1590
DA:82,1590
DA:83,1590
DA:85,6231
DA:86,4641
DA:88,3180
DA:89,1590
DA:92,1
DA:94,1
DA:96,1
DA:97,1
DA:99,3
DA:100,2
DA:102,2
DA:103,1
DA:106,1247
DA:108,1247
DA:109,1247
DA:112,1247
DA:113,1247
DA:116,1247
DA:117,4905
DA:119,3658
DA:120,3658
DA:121,0
DA:126,3658
DA:127,14831
DA:129,11173
DA:130,11173
DA:132,11161
DA:133,11161
DA:135,11161
DA:137,11161
DA:139,11161
DA:141,22322
DA:142,11161
DA:144,11161
DA:146,11161
DA:148,22322
DA:150,11161
DA:151,11161
DA:153,1247
DA:154,1247
DA:159,3658
DA:162,3658
DA:163,14831
DA:164,11173
DA:165,11161
DA:167,24
DA:168,24
DA:170,3658
DA:171,3658
DA:174,1247
DA:175,4905
DA:176,3658
DA:177,3658
DA:179,0
DA:181,2494
DA:182,1247
DA:185,9
DA:187,9
DA:189,9
DA:190,9
DA:192,9
DA:193,30
DA:195,21
DA:196,60
DA:197,78
DA:198,117
DA:199,21
DA:201,18
DA:202,9
DA:205,3
DA:207,3
DA:209,3
DA:210,3
DA:212,3
DA:213,6
DA:215,3
DA:216,15
DA:217,24
DA:218,36
DA:219,3
DA:221,6
DA:222,3
LF:110
LH:108
end_of_record
TN:
SF:/home/runner/work/neml2/neml2/src/neml2/models/BackwardEulerTimeIntegration.cxx
FN:35,56,_ZN5neml228BackwardEulerTimeIntegrationINS_3SR2EE16expected_optionsEv
FN:35,56,_ZN5neml228BackwardEulerTimeIntegrationINS_3VecEE16expected_optionsEv
FN:35,56,_ZN5neml228BackwardEulerTimeIntegrationINS_6ScalarEE16expected_optionsEv
FN:59,70,_ZN5neml228BackwardEulerTimeIntegrationINS_3SR2EEC2ERKNS_9OptionSetE
FN:59,70,_ZN5neml228BackwardEulerTimeIntegrationINS_3VecEEC2ERKNS_9OptionSetE
FN:59,70,_ZN5neml228BackwardEulerTimeIntegrationINS_6ScalarEEC2ERKNS_9OptionSetE
FN:74,80,_ZNK5neml228BackwardEulerTimeIntegrationINS_3SR2EE8diagnoseERSt6vectorINS_9DiagnosisESaIS4_EE
FN:74,80,_ZNK5neml228BackwardEulerTimeIntegrationINS_3VecEE8diagnoseERSt6vectorINS_9DiagnosisESaIS4_EE
FN:74,80,_ZNK5neml228BackwardEulerTimeIntegrationINS_6ScalarEE8diagnoseERSt6vectorINS_9DiagnosisESaIS4_EE
FN:84,105,_ZN5neml228BackwardEulerTimeIntegrationINS_3SR2EE9set_valueEbbb
FN:84,105,_ZN5neml228BackwardEulerTimeIntegrationINS_3VecEE9set_valueEbbb
FN:84,105,_ZN5neml228BackwardEulerTimeIntegrationINS_6ScalarEE9set_valueEbbb
FNDA:1,_ZN5neml228BackwardEulerTimeIntegrationINS_3SR2EE16expected_optionsEv
FNDA:1,_ZN5neml228BackwardEulerTimeIntegrationINS_3VecEE16expected_optionsEv
FNDA:1,_ZN5neml228BackwardEulerTimeIntegrationINS_6ScalarEE16expected_optionsEv
FNDA:9,_ZN5neml228BackwardEulerTimeIntegrationINS_3SR2EEC2ERKNS_9OptionSetE
FNDA:0,_ZN5neml228BackwardEulerTimeIntegrationINS_3VecEEC2ERKNS_9OptionSetE
FNDA:16,_ZN5neml228BackwardEulerTimeIntegrationINS_6ScalarEEC2ERKNS_9OptionSetE
FNDA:6,_ZNK5neml228BackwardEulerTimeIntegrationINS_3SR2EE8diagnoseERSt6vectorINS_9DiagnosisESaIS4_EE
FNDA:0,_ZNK5neml228BackwardEulerTimeIntegrationINS_3VecEE8diagnoseERSt6vectorINS_9DiagnosisESaIS4_EE
FNDA:3,_ZNK5neml228BackwardEulerTimeIntegrationINS_6ScalarEE8diagnoseERSt6vectorINS_9DiagnosisESaIS4_EE
FNDA:40,_ZN5neml228BackwardEulerTimeIntegrationINS_3SR2EE9set_valueEbbb
FNDA:0,_ZN5neml228BackwardEulerTimeIntegrationINS_3VecEE9set_valueEbbb
FNDA:37,_ZN5neml228BackwardEulerTimeIntegrationINS_6ScalarEE9set_valueEbbb
FNF:12
FNH:9
DA:35,3
DA:37,3
DA:38,3
DA:44,3
DA:46,6
DA:47,6
DA:49,6
DA:50,3
DA:52,9
DA:53,3
DA:55,3
DA:56,0
DA:59,25
DA:61,25
DA:62,25
DA:63,25
DA:64,98
DA:65,25
DA:66,25
DA:67,25
DA:68,50
DA:70,25
DA:74,9
DA:76,9
DA:77,9
DA:78,9
DA:79,9
DA:80,9
DA:84,77
DA:86,77
DA:88,77
DA:89,76
DA:91,77
DA:93,42
DA:95,42
DA:96,42
DA:98,42
DA:99,29
DA:101,13
DA:102,13
DA:103,13
DA:104,42
LF:42
LH:41
end_of_record
TN:
SF:/home/runner/work/neml2/neml2/src/neml2/models/BufferStore.cxx
FN:101,114,_ZN5neml211BufferStore14declare_bufferINS_10QuaternionEvEERKT_RKSsS7_
FN:101,114,_ZN5neml211BufferStore14declare_bufferINS_11MillerIndexEvEERKT_RKSsS7_
FN:101,114,_ZN5neml211BufferStore14declare_bufferINS_2R2EvEERKT_RKSsS7_
FN:101,114,_ZN5neml211BufferStore14declare_bufferINS_2R3EvEERKT_RKSsS7_
FN:101,114,_ZN5neml211BufferStore14declare_bufferINS_2R4EvEERKT_RKSsS7_
FN:101,114,_ZN5neml211BufferStore14declare_bufferINS_2R5EvEERKT_RKSsS7_
FN:101,114,_ZN5neml211BufferStore14declare_bufferINS_2R8EvEERKT_RKSsS7_
FN:101,114,_ZN5neml211BufferStore14declare_bufferINS_3RotEvEERKT_RKSsS7_
FN:101,114,_ZN5neml211BufferStore14declare_bufferINS_3SR2EvEERKT_RKSsS7_
FN:101,114,_ZN5neml211BufferStore14declare_bufferINS_3VecEvEERKT_RKSsS7_
FN:101,114,_ZN5neml211BufferStore14declare_bufferINS_3WR2EvEERKT_RKSsS7_
FN:101,114,_ZN5neml211BufferStore14declare_bufferINS_4SFR3EvEERKT_RKSsS7_
FN:101,114,_ZN5neml211BufferStore14declare_bufferINS_4SFR4EvEERKT_RKSsS7_
FN:101,114,_ZN5neml211BufferStore14declare_bufferINS_4SSR4EvEERKT_RKSsS7_
FN:101,114,_ZN5neml211BufferStore14declare_bufferINS_4SWR4EvEERKT_RKSsS7_
FN:101,114,_ZN5neml211BufferStore14declare_bufferINS_4WFR4EvEERKT_RKSsS7_
FN:101,114,_ZN5neml211BufferStore14declare_bufferINS_4WSR4EvEERKT_RKSsS7_
FN:101,114,_ZN5neml211BufferStore14declare_bufferINS_4WWR4EvEERKT_RKSsS7_
FN:101,114,_ZN5neml211BufferStore14declare_bufferINS_5SFFR4EvEERKT_RKSsS7_
FN:101,114,_ZN5neml211BufferStore14declare_bufferINS_5SSFR5EvEERKT_RKSsS7_
FN:101,114,_ZN5neml211BufferStore14declare_bufferINS_6SSSSR8EvEERKT_RKSsS7_
FN:101,114,_ZN5neml211BufferStore14declare_bufferINS_6ScalarEvEERKT_RKSsS7_
FN:101,114,_ZN5neml211BufferStore14declare_bufferINS_6TensorEvEERKT_RKSsS7_
FN:123,144,_ZN5neml211BufferStore19assign_buffer_stackERSt6vectorIN3c106IValueESaIS3_EE
FN:147,155,_ZNK5neml211BufferStore20collect_buffer_stackEv
FN:29,33,_ZN5neml211BufferStoreC2ENS_9OptionSetEPNS_11NEML2ObjectE
FN:36,41,_ZN5neml211BufferStore13named_buffersEv
FN:44,50,_ZN5neml211BufferStore10get_bufferERKSs
FN:53,59,_ZNK5neml211BufferStore10get_bufferERKSs
FN:62,66,_ZN5neml211BufferStore15send_buffers_toERKN3c1013TensorOptionsE
FN:70,90,_ZN5neml211BufferStore14declare_bufferINS_10QuaternionEvEERKT_RKSsS5_
FN:70,90,_ZN5neml211BufferStore14declare_bufferINS_11MillerIndexEvEERKT_RKSsS5_
FN:70,90,_ZN5neml211BufferStore14declare_bufferINS_2R2EvEERKT_RKSsS5_
FN:70,90,_ZN5neml211BufferStore14declare_bufferINS_2R3EvEERKT_RKSsS5_
FN:70,90,_ZN5neml211BufferStore14declare_bufferINS_2R4EvEERKT_RKSsS5_
FN:70,90,_ZN5neml211BufferStore14declare_bufferINS_2R5EvEERKT_RKSsS5_
FN:70,90,_ZN5neml211BufferStore14declare_bufferINS_2R8EvEERKT_RKSsS5_
FN:70,90,_ZN5neml211BufferStore14declare_bufferINS_3RotEvEERKT_RKSsS5_
FN:70,90,_ZN5neml211BufferStore14declare_bufferINS_3SR2EvEERKT_RKSsS5_
FN:70,90,_ZN5neml211BufferStore14declare_bufferINS_3VecEvEERKT_RKSsS5_
FN:70,90,_ZN5neml211BufferStore14declare_bufferINS_3WR2EvEERKT_RKSsS5_
FN:70,90,_ZN5neml211BufferStore14declare_bufferINS_4SFR3EvEERKT_RKSsS5_
FN:70,90,_ZN5neml211BufferStore14declare_bufferINS_4SFR4EvEERKT_RKSsS5_
FN:70,90,_ZN5neml211BufferStore14declare_bufferINS_4SSR4EvEERKT_RKSsS5_
FN:70,90,_ZN5neml211BufferStore14declare_bufferINS_4SWR4EvEERKT_RKSsS5_
FN:70,90,_ZN5neml211BufferStore14declare_bufferINS_4WFR4EvEERKT_RKSsS5_
FN:70,90,_ZN5neml211BufferStore14declare_bufferINS_4WSR4EvEERKT_RKSsS5_
FN:70,90,_ZN5neml211BufferStore14declare_bufferINS_4WWR4EvEERKT_RKSsS5_
FN:70,90,_ZN5neml211BufferStore14declare_bufferINS_5SFFR4EvEERKT_RKSsS5_
FN:70,90,_ZN5neml211BufferStore14declare_bufferINS_5SSFR5EvEERKT_RKSsS5_
FN:70,90,_ZN5neml211BufferStore14declare_bufferINS_6SSSSR8EvEERKT_RKSsS5_
FN:70,90,_ZN5neml211BufferStore14declare_bufferINS_6ScalarEvEERKT_RKSsS5_
FN:70,90,_ZN5neml211BufferStore14declare_bufferINS_6TensorEvEERKT_RKSsS5_
FN:94,97,_ZN5neml211BufferStore14declare_bufferINS_10QuaternionEvEERKT_RKSsRKNS_8CrossRefIS3_EE
FN:94,97,_ZN5neml211BufferStore14declare_bufferINS_11MillerIndexEvEERKT_RKSsRKNS_8CrossRefIS3_EE
FN:94,97,_ZN5neml211BufferStore14declare_bufferINS_2R2EvEERKT_RKSsRKNS_8CrossRefIS3_EE
FN:94,97,_ZN5neml211BufferStore14declare_bufferINS_2R3EvEERKT_RKSsRKNS_8CrossRefIS3_EE
FN:94,97,_ZN5neml211BufferStore14declare_bufferINS_2R4EvEERKT_RKSsRKNS_8CrossRefIS3_EE
FN:94,97,_ZN5neml211BufferStore14declare_bufferINS_2R5EvEERKT_RKSsRKNS_8CrossRefIS3_EE
FN:94,97,_ZN5neml211BufferStore14declare_bufferINS_2R8EvEERKT_RKSsRKNS_8CrossRefIS3_EE
FN:94,97,_ZN5neml211BufferStore14declare_bufferINS_3RotEvEERKT_RKSsRKNS_8CrossRefIS3_EE
FN:94,97,_ZN5neml211BufferStore14declare_bufferINS_3SR2EvEERKT_RKSsRKNS_8CrossRefIS3_EE
FN:94,97,_ZN5neml211BufferStore14declare_bufferINS_3VecEvEERKT_RKSsRKNS_8CrossRefIS3_EE
FN:94,97,_ZN5neml211BufferStore14declare_bufferINS_3WR2EvEERKT_RKSsRKNS_8CrossRefIS3_EE
FN:94,97,_ZN5neml211BufferStore14declare_bufferINS_4SFR3EvEERKT_RKSsRKNS_8CrossRefIS3_EE
FN:94,97,_ZN5neml211BufferStore14declare_bufferINS_4SFR4EvEERKT_RKSsRKNS_8CrossRefIS3_EE
FN:94,97,_ZN5neml211BufferStore14declare_bufferINS_4SSR4EvEERKT_RKSsRKNS_8CrossRefIS3_EE
FN:94,97,_ZN5neml211BufferStore14declare_bufferINS_4SWR4EvEERKT_RKSsRKNS_8CrossRefIS3_EE
FN:94,97,_ZN5neml211BufferStore14declare_bufferINS_4WFR4EvEERKT_RKSsRKNS_8CrossRefIS3_EE
FN:94,97,_ZN5neml211BufferStore14declare_bufferINS_4WSR4EvEERKT_RKSsRKNS_8CrossRefIS3_EE
FN:94,97,_ZN5neml211BufferStore14declare_bufferINS_4WWR4EvEERKT_RKSsRKNS_8CrossRefIS3_EE
FN:94,97,_ZN5neml211BufferStore14declare_bufferINS_5SFFR4EvEERKT_RKSsRKNS_8CrossRefIS3_EE
FN:94,97,_ZN5neml211BufferStore14declare_bufferINS_5SSFR5EvEERKT_RKSsRKNS_8CrossRefIS3_EE
FN:94,97,_ZN5neml211BufferStore14declare_bufferINS_6SSSSR8EvEERKT_RKSsRKNS_8CrossRefIS3_EE
FN:94,97,_ZN5neml211BufferStore14declare_bufferINS_6ScalarEvEERKT_RKSsRKNS_8CrossRefIS3_EE
FN:94,97,_ZN5neml211BufferStore14declare_bufferINS_6TensorEvEERKT_RKSsRKNS_8CrossRefIS3_EE
FNDA:0,_ZN5neml211BufferStore14declare_bufferINS_10QuaternionEvEERKT_RKSsS7_
FNDA:70,_ZN5neml211BufferStore14declare_bufferINS_11MillerIndexEvEERKT_RKSsS7_
FNDA:0,_ZN5neml211BufferStore14declare_bufferINS_2R2EvEERKT_RKSsS7_
FNDA:0,_ZN5neml211BufferStore14declare_bufferINS_2R3EvEERKT_RKSsS7_
FNDA:0,_ZN5neml211BufferStore14declare_bufferINS_2R4EvEERKT_RKSsS7_
FNDA:0,_ZN5neml211BufferStore14declare_bufferINS_2R5EvEERKT_RKSsS7_
FNDA:0,_ZN5neml211BufferStore14declare_bufferINS_2R8EvEERKT_RKSsS7_
FNDA:0,_ZN5neml211BufferStore14declare_bufferINS_3RotEvEERKT_RKSsS7_
FNDA:0,_ZN5neml211BufferStore14declare_bufferINS_3SR2EvEERKT_RKSsS7_
FNDA:0,_ZN5neml211BufferStore14declare_bufferINS_3VecEvEERKT_RKSsS7_
FNDA:0,_ZN5neml211BufferStore14declare_bufferINS_3WR2EvEERKT_RKSsS7_
FNDA:0,_ZN5neml211BufferStore14declare_bufferINS_4SFR3EvEERKT_RKSsS7_
FNDA:0,_ZN5neml211BufferStore14declare_bufferINS_4SFR4EvEERKT_RKSsS7_
FNDA:0,_ZN5neml211BufferStore14declare_bufferINS_4SSR4EvEERKT_RKSsS7_
FNDA:0,_ZN5neml211BufferStore14declare_bufferINS_4SWR4EvEERKT_RKSsS7_
FNDA:0,_ZN5neml211BufferStore14declare_bufferINS_4WFR4EvEERKT_RKSsS7_
FNDA:0,_ZN5neml211BufferStore14declare_bufferINS_4WSR4EvEERKT_RKSsS7_
FNDA:0,_ZN5neml211BufferStore14declare_bufferINS_4WWR4EvEERKT_RKSsS7_
FNDA:0,_ZN5neml211BufferStore14declare_bufferINS_5SFFR4EvEERKT_RKSsS7_
FNDA:0,_ZN5neml211BufferStore14declare_bufferINS_5SSFR5EvEERKT_RKSsS7_
FNDA:0,_ZN5neml211BufferStore14declare_bufferINS_6SSSSR8EvEERKT_RKSsS7_
FNDA:2,_ZN5neml211BufferStore14declare_bufferINS_6ScalarEvEERKT_RKSsS7_
FNDA:0,_ZN5neml211BufferStore14declare_bufferINS_6TensorEvEERKT_RKSsS7_
FNDA:0,_ZN5neml211BufferStore19assign_buffer_stackERSt6vectorIN3c106IValueESaIS3_EE
FNDA:0,_ZNK5neml211BufferStore20collect_buffer_stackEv
FNDA:410,_ZN5neml211BufferStoreC2ENS_9OptionSetEPNS_11NEML2ObjectE
FNDA:277241,_ZN5neml211BufferStore13named_buffersEv
FNDA:52,_ZN5neml211BufferStore10get_bufferERKSs
FNDA:0,_ZNK5neml211BufferStore10get_bufferERKSs
FNDA:0,_ZN5neml211BufferStore15send_buffers_toERKN3c1013TensorOptionsE
FNDA:0,_ZN5neml211BufferStore14declare_bufferINS_10QuaternionEvEERKT_RKSsS5_
FNDA:96,_ZN5neml211BufferStore14declare_bufferINS_11MillerIndexEvEERKT_RKSsS5_
FNDA:48,_ZN5neml211BufferStore14declare_bufferINS_2R2EvEERKT_RKSsS5_
FNDA:0,_ZN5neml211BufferStore14declare_bufferINS_2R3EvEERKT_RKSsS5_
FNDA:0,_ZN5neml211BufferStore14declare_bufferINS_2R4EvEERKT_RKSsS5_
FNDA:0,_ZN5neml211BufferStore14declare_bufferINS_2R5EvEERKT_RKSsS5_
FNDA:0,_ZN5neml211BufferStore14declare_bufferINS_2R8EvEERKT_RKSsS5_
FNDA:0,_ZN5neml211BufferStore14declare_bufferINS_3RotEvEERKT_RKSsS5_
FNDA:48,_ZN5neml211BufferStore14declare_bufferINS_3SR2EvEERKT_RKSsS5_
FNDA:192,_ZN5neml211BufferStore14declare_bufferINS_3VecEvEERKT_RKSsS5_
FNDA:48,_ZN5neml211BufferStore14declare_bufferINS_3WR2EvEERKT_RKSsS5_
FNDA:0,_ZN5neml211BufferStore14declare_bufferINS_4SFR3EvEERKT_RKSsS5_
FNDA:0,_ZN5neml211BufferStore14declare_bufferINS_4SFR4EvEERKT_RKSsS5_
FNDA:0,_ZN5neml211BufferStore14declare_bufferINS_4SSR4EvEERKT_RKSsS5_
FNDA:0,_ZN5neml211BufferStore14declare_bufferINS_4SWR4EvEERKT_RKSsS5_
FNDA:0,_ZN5neml211BufferStore14declare_bufferINS_4WFR4EvEERKT_RKSsS5_
FNDA:0,_ZN5neml211BufferStore14declare_bufferINS_4WSR4EvEERKT_RKSsS5_
FNDA:0,_ZN5neml211BufferStore14declare_bufferINS_4WWR4EvEERKT_RKSsS5_
FNDA:0,_ZN5neml211BufferStore14declare_bufferINS_5SFFR4EvEERKT_RKSsS5_
FNDA:0,_ZN5neml211BufferStore14declare_bufferINS_5SSFR5EvEERKT_RKSsS5_
FNDA:0,_ZN5neml211BufferStore14declare_bufferINS_6SSSSR8EvEERKT_RKSsS5_
FNDA:117,_ZN5neml211BufferStore14declare_bufferINS_6ScalarEvEERKT_RKSsS5_
FNDA:0,_ZN5neml211BufferStore14declare_bufferINS_6TensorEvEERKT_RKSsS5_
FNDA:0,_ZN5neml211BufferStore14declare_bufferINS_10QuaternionEvEERKT_RKSsRKNS_8CrossRefIS3_EE
FNDA:0,_ZN5neml211BufferStore14declare_bufferINS_11MillerIndexEvEERKT_RKSsRKNS_8CrossRefIS3_EE
FNDA:0,_ZN5neml211BufferStore14declare_bufferINS_2R2EvEERKT_RKSsRKNS_8CrossRefIS3_EE
FNDA:0,_ZN5neml211BufferStore14declare_bufferINS_2R3EvEERKT_RKSsRKNS_8CrossRefIS3_EE
FNDA:0,_ZN5neml211BufferStore14declare_bufferINS_2R4EvEERKT_RKSsRKNS_8CrossRefIS3_EE
FNDA:0,_ZN5neml211BufferStore14declare_bufferINS_2R5EvEERKT_RKSsRKNS_8CrossRefIS3_EE
FNDA:0,_ZN5neml211BufferStore14declare_bufferINS_2R8EvEERKT_RKSsRKNS_8CrossRefIS3_EE
FNDA:0,_ZN5neml211BufferStore14declare_bufferINS_3RotEvEERKT_RKSsRKNS_8CrossRefIS3_EE
FNDA:0,_ZN5neml211BufferStore14declare_bufferINS_3SR2EvEERKT_RKSsRKNS_8CrossRefIS3_EE
FNDA:0,_ZN5neml211BufferStore14declare_bufferINS_3VecEvEERKT_RKSsRKNS_8CrossRefIS3_EE
FNDA:0,_ZN5neml211BufferStore14declare_bufferINS_3WR2EvEERKT_RKSsRKNS_8CrossRefIS3_EE
FNDA:0,_ZN5neml211BufferStore14declare_bufferINS_4SFR3EvEERKT_RKSsRKNS_8CrossRefIS3_EE
FNDA:0,_ZN5neml211BufferStore14declare_bufferINS_4SFR4EvEERKT_RKSsRKNS_8CrossRefIS3_EE
FNDA:0,_ZN5neml211BufferStore14declare_bufferINS_4SSR4EvEERKT_RKSsRKNS_8CrossRefIS3_EE
FNDA:0,_ZN5neml211BufferStore14declare_bufferINS_4SWR4EvEERKT_RKSsRKNS_8CrossRefIS3_EE
FNDA:0,_ZN5neml211BufferStore14declare_bufferINS_4WFR4EvEERKT_RKSsRKNS_8CrossRefIS3_EE
FNDA:0,_ZN5neml211BufferStore14declare_bufferINS_4WSR4EvEERKT_RKSsRKNS_8CrossRefIS3_EE
FNDA:0,_ZN5neml211BufferStore14declare_bufferINS_4WWR4EvEERKT_RKSsRKNS_8CrossRefIS3_EE
FNDA:0,_ZN5neml211BufferStore14declare_bufferINS_5SFFR4EvEERKT_RKSsRKNS_8CrossRefIS3_EE
FNDA:0,_ZN5neml211BufferStore14declare_bufferINS_5SSFR5EvEERKT_RKSsRKNS_8CrossRefIS3_EE
FNDA:0,_ZN5neml211BufferStore14declare_bufferINS_6SSSSR8EvEERKT_RKSsRKNS_8CrossRefIS3_EE
FNDA:36,_ZN5neml211BufferStore14declare_bufferINS_6ScalarEvEERKT_RKSsRKNS_8CrossRefIS3_EE
FNDA:0,_ZN5neml211BufferStore14declare_bufferINS_6TensorEvEERKT_RKSsRKNS_8CrossRefIS3_EE
FNF:76
FNH:12
DA:29,410
DA:30,410
DA:31,410
DA:33,410
DA:36,277241
DA:38,277241
DA:40,277241
DA:44,52
DA:46,52
DA:47,52
DA:48,52
DA:49,52
DA:53,0
DA:55,0
DA:56,0
DA:57,0
DA:58,0
DA:62,0
DA:64,0
DA:65,0
DA:66,0
DA:70,549
DA:72,549
DA:73,483
DA:74,322
DA:76,388
DA:79,388
DA:80,52
DA:83,336
DA:84,336
DA:85,336
DA:87,388
DA:88,388
DA:89,388
DA:94,36
DA:96,36
DA:101,72
DA:103,72
DA:104,0
DA:106,72
DA:107,72
DA:109,0
DA:123,0
DA:125,0
DA:127,0
DA:129,0
DA:131,0
DA:135,0
DA:136,0
DA:138,0
DA:139,0
DA:140,0
DA:143,0
DA:144,0
DA:147,0
DA:149,0
DA:150,0
DA:151,0
DA:152,0
DA:153,0
DA:154,0
DA:155,0
LF:62
LH:31
end_of_record
TN:
SF:/home/runner/work/neml2/neml2/src/neml2/models/ComposedModel.cxx
FN:142,145,_ZNK5neml213ComposedModel26named_nonlinear_parametersEb
FN:148,151,_ZNK5neml213ComposedModel32named_nonlinear_parameter_modelsEb
FN:154,166,_ZN5neml213ComposedModel20link_input_variablesEPNS_5ModelE
FN:169,174,_ZN5neml213ComposedModel21link_output_variablesEPNS_5ModelE
FN:177,198,_ZN5neml213ComposedModel9set_valueEbbb
FN:33,61,_ZN5neml213ComposedModel16expected_optionsEv
FN:63,139,_ZN5neml213ComposedModelC2ERKNS_9OptionSetE
FNDA:10,_ZNK5neml213ComposedModel26named_nonlinear_parametersEb
FNDA:20,_ZNK5neml213ComposedModel32named_nonlinear_parameter_modelsEb
FNDA:226,_ZN5neml213ComposedModel20link_input_variablesEPNS_5ModelE
FNDA:226,_ZN5neml213ComposedModel21link_output_variablesEPNS_5ModelE
FNDA:202,_ZN5neml213ComposedModel9set_valueEbbb
FNDA:1,_ZN5neml213ComposedModel16expected_optionsEv
FNDA:62,_ZN5neml213ComposedModelC2ERKNS_9OptionSetE
FNF:7
FNH:7
DA:33,1
DA:35,1
DA:36,1
DA:39,1
DA:41,1
DA:43,2
DA:44,2
DA:46,2
DA:47,3
DA:49,1
DA:51,2
DA:52,3
DA:54,1
DA:56,2
DA:57,2
DA:58,1
DA:60,1
DA:61,0
DA:63,62
DA:65,124
DA:66,186
DA:71,288
DA:72,164
DA:82,62
DA:83,62
DA:84,226
DA:85,226
DA:86,226
DA:89,288
DA:90,226
DA:91,64
DA:92,2
DA:95,62
DA:96,62
DA:97,62
DA:98,0
DA:101,62
DA:102,62
DA:103,62
DA:106,62
DA:109,406
DA:110,344
DA:111,274
DA:114,148
DA:115,86
DA:118,226
DA:120,226
DA:121,62
DA:122,164
DA:123,226
DA:124,62
DA:125,164
DA:129,62
DA:132,62
DA:133,278
DA:134,220
DA:136,4
DA:137,4
DA:139,62
DA:142,10
DA:144,10
DA:148,20
DA:150,20
DA:154,226
DA:156,2127
DA:157,1901
DA:158,344
DA:160,1612
DA:161,1386
DA:163,178
DA:164,178
DA:166,226
DA:169,226
DA:171,597
DA:172,371
DA:173,86
DA:174,226
DA:177,202
DA:179,1017
DA:181,815
DA:182,440
DA:183,375
DA:184,313
DA:185,62
DA:186,62
DA:188,0
DA:191,202
DA:192,173
DA:193,97
DA:195,202
DA:196,44
DA:197,22
DA:198,202
LF:93
LH:90
end_of_record
TN:
SF:/home/runner/work/neml2/neml2/src/neml2/models/ConstantParameter.cxx
FN:34,43,_ZN5neml217ConstantParameterINS_10QuaternionEE16expected_optionsEv
FN:34,43,_ZN5neml217ConstantParameterINS_11MillerIndexEE16expected_optionsEv
FN:34,43,_ZN5neml217ConstantParameterINS_2R2EE16expected_optionsEv
FN:34,43,_ZN5neml217ConstantParameterINS_2R3EE16expected_optionsEv
FN:34,43,_ZN5neml217ConstantParameterINS_2R4EE16expected_optionsEv
FN:34,43,_ZN5neml217ConstantParameterINS_2R5EE16expected_optionsEv
FN:34,43,_ZN5neml217ConstantParameterINS_2R8EE16expected_optionsEv
FN:34,43,_ZN5neml217ConstantParameterINS_3RotEE16expected_optionsEv
FN:34,43,_ZN5neml217ConstantParameterINS_3SR2EE16expected_optionsEv
FN:34,43,_ZN5neml217ConstantParameterINS_3VecEE16expected_optionsEv
FN:34,43,_ZN5neml217ConstantParameterINS_3WR2EE16expected_optionsEv
FN:34,43,_ZN5neml217ConstantParameterINS_4SFR3EE16expected_optionsEv
FN:34,43,_ZN5neml217ConstantParameterINS_4SFR4EE16expected_optionsEv
FN:34,43,_ZN5neml217ConstantParameterINS_4SSR4EE16expected_optionsEv
FN:34,43,_ZN5neml217ConstantParameterINS_4SWR4EE16expected_optionsEv
FN:34,43,_ZN5neml217ConstantParameterINS_4WFR4EE16expected_optionsEv
FN:34,43,_ZN5neml217ConstantParameterINS_4WSR4EE16expected_optionsEv
FN:34,43,_ZN5neml217ConstantParameterINS_4WWR4EE16expected_optionsEv
FN:34,43,_ZN5neml217ConstantParameterINS_5SFFR4EE16expected_optionsEv
FN:34,43,_ZN5neml217ConstantParameterINS_5SSFR5EE16expected_optionsEv
FN:34,43,_ZN5neml217ConstantParameterINS_6SSSSR8EE16expected_optionsEv
FN:34,43,_ZN5neml217ConstantParameterINS_6ScalarEE16expected_optionsEv
FN:46,50,_ZN5neml217ConstantParameterINS_10QuaternionEEC2ERKNS_9OptionSetE
FN:46,50,_ZN5neml217ConstantParameterINS_11MillerIndexEEC2ERKNS_9OptionSetE
FN:46,50,_ZN5neml217ConstantParameterINS_2R2EEC2ERKNS_9OptionSetE
FN:46,50,_ZN5neml217ConstantParameterINS_2R3EEC2ERKNS_9OptionSetE
FN:46,50,_ZN5neml217ConstantParameterINS_2R4EEC2ERKNS_9OptionSetE
FN:46,50,_ZN5neml217ConstantParameterINS_2R5EEC2ERKNS_9OptionSetE
FN:46,50,_ZN5neml217ConstantParameterINS_2R8EEC2ERKNS_9OptionSetE
FN:46,50,_ZN5neml217ConstantParameterINS_3RotEEC2ERKNS_9OptionSetE
FN:46,50,_ZN5neml217ConstantParameterINS_3SR2EEC2ERKNS_9OptionSetE
FN:46,50,_ZN5neml217ConstantParameterINS_3VecEEC2ERKNS_9OptionSetE
FN:46,50,_ZN5neml217ConstantParameterINS_3WR2EEC2ERKNS_9OptionSetE
FN:46,50,_ZN5neml217ConstantParameterINS_4SFR3EEC2ERKNS_9OptionSetE
FN:46,50,_ZN5neml217ConstantParameterINS_4SFR4EEC2ERKNS_9OptionSetE
FN:46,50,_ZN5neml217ConstantParameterINS_4SSR4EEC2ERKNS_9OptionSetE
FN:46,50,_ZN5neml217ConstantParameterINS_4SWR4EEC2ERKNS_9OptionSetE
FN:46,50,_ZN5neml217ConstantParameterINS_4WFR4EEC2ERKNS_9OptionSetE
FN:46,50,_ZN5neml217ConstantParameterINS_4WSR4EEC2ERKNS_9OptionSetE
FN:46,50,_ZN5neml217ConstantParameterINS_4WWR4EEC2ERKNS_9OptionSetE
FN:46,50,_ZN5neml217ConstantParameterINS_5SFFR4EEC2ERKNS_9OptionSetE
FN:46,50,_ZN5neml217ConstantParameterINS_5SSFR5EEC2ERKNS_9OptionSetE
FN:46,50,_ZN5neml217ConstantParameterINS_6SSSSR8EEC2ERKNS_9OptionSetE
FN:46,50,_ZN5neml217ConstantParameterINS_6ScalarEEC2ERKNS_9OptionSetE
FN:54,65,_ZN5neml217ConstantParameterINS_10QuaternionEE9set_valueEbbb
FN:54,65,_ZN5neml217ConstantParameterINS_11MillerIndexEE9set_valueEbbb
FN:54,65,_ZN5neml217ConstantParameterINS_2R2EE9set_valueEbbb
FN:54,65,_ZN5neml217ConstantParameterINS_2R3EE9set_valueEbbb
FN:54,65,_ZN5neml217ConstantParameterINS_2R4EE9set_valueEbbb
FN:54,65,_ZN5neml217ConstantParameterINS_2R5EE9set_valueEbbb
FN:54,65,_ZN5neml217ConstantParameterINS_2R8EE9set_valueEbbb
FN:54,65,_ZN5neml217ConstantParameterINS_3RotEE9set_valueEbbb
FN:54,65,_ZN5neml217ConstantParameterINS_3SR2EE9set_valueEbbb
FN:54,65,_ZN5neml217ConstantParameterINS_3VecEE9set_valueEbbb
FN:54,65,_ZN5neml217ConstantParameterINS_3WR2EE9set_valueEbbb
FN:54,65,_ZN5neml217ConstantParameterINS_4SFR3EE9set_valueEbbb
FN:54,65,_ZN5neml217ConstantParameterINS_4SFR4EE9set_valueEbbb
FN:54,65,_ZN5neml217ConstantParameterINS_4SSR4EE9set_valueEbbb
FN:54,65,_ZN5neml217ConstantParameterINS_4SWR4EE9set_valueEbbb
FN:54,65,_ZN5neml217ConstantParameterINS_4WFR4EE9set_valueEbbb
FN:54,65,_ZN5neml217ConstantParameterINS_4WSR4EE9set_valueEbbb
FN:54,65,_ZN5neml217ConstantParameterINS_4WWR4EE9set_valueEbbb
FN:54,65,_ZN5neml217ConstantParameterINS_5SFFR4EE9set_valueEbbb
FN:54,65,_ZN5neml217ConstantParameterINS_5SSFR5EE9set_valueEbbb
FN:54,65,_ZN5neml217ConstantParameterINS_6SSSSR8EE9set_valueEbbb
FN:54,65,_ZN5neml217ConstantParameterINS_6ScalarEE9set_valueEbbb
FNDA:1,_ZN5neml217ConstantParameterINS_10QuaternionEE16expected_optionsEv
FNDA:1,_ZN5neml217ConstantParameterINS_11MillerIndexEE16expected_optionsEv
FNDA:1,_ZN5neml217ConstantParameterINS_2R2EE16expected_optionsEv
FNDA:1,_ZN5neml217ConstantParameterINS_2R3EE16expected_optionsEv
FNDA:1,_ZN5neml217ConstantParameterINS_2R4EE16expected_optionsEv
FNDA:1,_ZN5neml217ConstantParameterINS_2R5EE16expected_optionsEv
FNDA:1,_ZN5neml217ConstantParameterINS_2R8EE16expected_optionsEv
FNDA:1,_ZN5neml217ConstantParameterINS_3RotEE16expected_optionsEv
FNDA:1,_ZN5neml217ConstantParameterINS_3SR2EE16expected_optionsEv
FNDA:1,_ZN5neml217ConstantParameterINS_3VecEE16expected_optionsEv
FNDA:1,_ZN5neml217ConstantParameterINS_3WR2EE16expected_optionsEv
FNDA:1,_ZN5neml217ConstantParameterINS_4SFR3EE16expected_optionsEv
FNDA:1,_ZN5neml217ConstantParameterINS_4SFR4EE16expected_optionsEv
FNDA:1,_ZN5neml217ConstantParameterINS_4SSR4EE16expected_optionsEv
FNDA:1,_ZN5neml217ConstantParameterINS_4SWR4EE16expected_optionsEv
FNDA:1,_ZN5neml217ConstantParameterINS_4WFR4EE16expected_optionsEv
FNDA:1,_ZN5neml217ConstantParameterINS_4WSR4EE16expected_optionsEv
FNDA:1,_ZN5neml217ConstantParameterINS_4WWR4EE16expected_optionsEv
FNDA:1,_ZN5neml217ConstantParameterINS_5SFFR4EE16expected_optionsEv
FNDA:1,_ZN5neml217ConstantParameterINS_5SSFR5EE16expected_optionsEv
FNDA:1,_ZN5neml217ConstantParameterINS_6SSSSR8EE16expected_optionsEv
FNDA:1,_ZN5neml217ConstantParameterINS_6ScalarEE16expected_optionsEv
FNDA:0,_ZN5neml217ConstantParameterINS_10QuaternionEEC2ERKNS_9OptionSetE
FNDA:0,_ZN5neml217ConstantParameterINS_11MillerIndexEEC2ERKNS_9OptionSetE
FNDA:0,_ZN5neml217ConstantParameterINS_2R2EEC2ERKNS_9OptionSetE
FNDA:0,_ZN5neml217ConstantParameterINS_2R3EEC2ERKNS_9OptionSetE
FNDA:0,_ZN5neml217ConstantParameterINS_2R4EEC2ERKNS_9OptionSetE
FNDA:0,_ZN5neml217ConstantParameterINS_2R5EEC2ERKNS_9OptionSetE
FNDA:0,_ZN5neml217ConstantParameterINS_2R8EEC2ERKNS_9OptionSetE
FNDA:0,_ZN5neml217ConstantParameterINS_3RotEEC2ERKNS_9OptionSetE
FNDA:1,_ZN5neml217ConstantParameterINS_3SR2EEC2ERKNS_9OptionSetE
FNDA:0,_ZN5neml217ConstantParameterINS_3VecEEC2ERKNS_9OptionSetE
FNDA:0,_ZN5neml217ConstantParameterINS_3WR2EEC2ERKNS_9OptionSetE
FNDA:0,_ZN5neml217ConstantParameterINS_4SFR3EEC2ERKNS_9OptionSetE
FNDA:0,_ZN5neml217ConstantParameterINS_4SFR4EEC2ERKNS_9OptionSetE
FNDA:0,_ZN5neml217ConstantParameterINS_4SSR4EEC2ERKNS_9OptionSetE
FNDA:0,_ZN5neml217ConstantParameterINS_4SWR4EEC2ERKNS_9OptionSetE
FNDA:0,_ZN5neml217ConstantParameterINS_4WFR4EEC2ERKNS_9OptionSetE
FNDA:0,_ZN5neml217ConstantParameterINS_4WSR4EEC2ERKNS_9OptionSetE
FNDA:0,_ZN5neml217ConstantParameterINS_4WWR4EEC2ERKNS_9OptionSetE
FNDA:0,_ZN5neml217ConstantParameterINS_5SFFR4EEC2ERKNS_9OptionSetE
FNDA:0,_ZN5neml217ConstantParameterINS_5SSFR5EEC2ERKNS_9OptionSetE
FNDA:0,_ZN5neml217ConstantParameterINS_6SSSSR8EEC2ERKNS_9OptionSetE
FNDA:4,_ZN5neml217ConstantParameterINS_6ScalarEEC2ERKNS_9OptionSetE
FNDA:0,_ZN5neml217ConstantParameterINS_10QuaternionEE9set_valueEbbb
FNDA:0,_ZN5neml217ConstantParameterINS_11MillerIndexEE9set_valueEbbb
FNDA:0,_ZN5neml217ConstantParameterINS_2R2EE9set_valueEbbb
FNDA:0,_ZN5neml217ConstantParameterINS_2R3EE9set_valueEbbb
FNDA:0,_ZN5neml217ConstantParameterINS_2R4EE9set_valueEbbb
FNDA:0,_ZN5neml217ConstantParameterINS_2R5EE9set_valueEbbb
FNDA:0,_ZN5neml217ConstantParameterINS_2R8EE9set_valueEbbb
FNDA:0,_ZN5neml217ConstantParameterINS_3RotEE9set_valueEbbb
FNDA:2,_ZN5neml217ConstantParameterINS_3SR2EE9set_valueEbbb
FNDA:0,_ZN5neml217ConstantParameterINS_3VecEE9set_valueEbbb
FNDA:0,_ZN5neml217ConstantParameterINS_3WR2EE9set_valueEbbb
FNDA:0,_ZN5neml217ConstantParameterINS_4SFR3EE9set_valueEbbb
FNDA:0,_ZN5neml217ConstantParameterINS_4SFR4EE9set_valueEbbb
FNDA:0,_ZN5neml217ConstantParameterINS_4SSR4EE9set_valueEbbb
FNDA:0,_ZN5neml217ConstantParameterINS_4SWR4EE9set_valueEbbb
FNDA:0,_ZN5neml217ConstantParameterINS_4WFR4EE9set_valueEbbb
FNDA:0,_ZN5neml217ConstantParameterINS_4WSR4EE9set_valueEbbb
FNDA:0,_ZN5neml217ConstantParameterINS_4WWR4EE9set_valueEbbb
FNDA:0,_ZN5neml217ConstantParameterINS_5SFFR4EE9set_valueEbbb
FNDA:0,_ZN5neml217ConstantParameterINS_5SSFR5EE9set_valueEbbb
FNDA:0,_ZN5neml217ConstantParameterINS_6SSSSR8EE9set_valueEbbb
FNDA:2,_ZN5neml217ConstantParameterINS_6ScalarEE9set_valueEbbb
FNF:66
FNH:26
DA:34,22
DA:36,22
DA:37,22
DA:40,44
DA:41,22
DA:42,22
DA:43,0
DA:46,5
DA:48,20
DA:50,5
DA:54,4
DA:56,4
DA:57,2
DA:59,4
DA:60,6
DA:61,0
DA:65,4
LF:17
LH:15
end_of_record
TN:
SF:/home/runner/work/neml2/neml2/src/neml2/models/CopyVariable.cxx
FN:34,46,_ZN5neml212CopyVariableINS_10QuaternionEE16expected_optionsEv
FN:34,46,_ZN5neml212CopyVariableINS_11MillerIndexEE16expected_optionsEv
FN:34,46,_ZN5neml212CopyVariableINS_2R2EE16expected_optionsEv
FN:34,46,_ZN5neml212CopyVariableINS_2R3EE16expected_optionsEv
FN:34,46,_ZN5neml212CopyVariableINS_2R4EE16expected_optionsEv
FN:34,46,_ZN5neml212CopyVariableINS_2R5EE16expected_optionsEv
FN:34,46,_ZN5neml212CopyVariableINS_2R8EE16expected_optionsEv
FN:34,46,_ZN5neml212CopyVariableINS_3RotEE16expected_optionsEv
FN:34,46,_ZN5neml212CopyVariableINS_3SR2EE16expected_optionsEv
FN:34,46,_ZN5neml212CopyVariableINS_3VecEE16expected_optionsEv
FN:34,46,_ZN5neml212CopyVariableINS_3WR2EE16expected_optionsEv
FN:34,46,_ZN5neml212CopyVariableINS_4SFR3EE16expected_optionsEv
FN:34,46,_ZN5neml212CopyVariableINS_4SFR4EE16expected_optionsEv
FN:34,46,_ZN5neml212CopyVariableINS_4SSR4EE16expected_optionsEv
FN:34,46,_ZN5neml212CopyVariableINS_4SWR4EE16expected_optionsEv
[...]
FN:53,57,_ZN5neml219OnesPrimitiveTensorINS_3RotEEC2ERKNS_9OptionSetE
FN:53,57,_ZN5neml219OnesPrimitiveTensorINS_3SR2EEC2ERKNS_9OptionSetE
FN:53,57,_ZN5neml219OnesPrimitiveTensorINS_3VecEEC2ERKNS_9OptionSetE
FN:53,57,_ZN5neml219OnesPrimitiveTensorINS_3WR2EEC2ERKNS_9OptionSetE
FN:53,57,_ZN5neml219OnesPrimitiveTensorINS_4SFR3EEC2ERKNS_9OptionSetE
FN:53,57,_ZN5neml219OnesPrimitiveTensorINS_4SFR4EEC2ERKNS_9OptionSetE
FN:53,57,_ZN5neml219OnesPrimitiveTensorINS_4SSR4EEC2ERKNS_9OptionSetE
FN:53,57,_ZN5neml219OnesPrimitiveTensorINS_4SWR4EEC2ERKNS_9OptionSetE
FN:53,57,_ZN5neml219OnesPrimitiveTensorINS_4WFR4EEC2ERKNS_9OptionSetE
FN:53,57,_ZN5neml219OnesPrimitiveTensorINS_4WSR4EEC2ERKNS_9OptionSetE
FN:53,57,_ZN5neml219OnesPrimitiveTensorINS_4WWR4EEC2ERKNS_9OptionSetE
FN:53,57,_ZN5neml219OnesPrimitiveTensorINS_5SFFR4EEC2ERKNS_9OptionSetE
FN:53,57,_ZN5neml219OnesPrimitiveTensorINS_5SSFR5EEC2ERKNS_9OptionSetE
FN:53,57,_ZN5neml219OnesPrimitiveTensorINS_6SSSSR8EEC2ERKNS_9OptionSetE
FN:53,57,_ZN5neml219OnesPrimitiveTensorINS_6ScalarEEC2ERKNS_9OptionSetE
FNDA:1,_ZN5neml219OnesPrimitiveTensorINS_10QuaternionEE16expected_optionsEv
FNDA:1,_ZN5neml219OnesPrimitiveTensorINS_11MillerIndexEE16expected_optionsEv
FNDA:1,_ZN5neml219OnesPrimitiveTensorINS_2R2EE16expected_optionsEv
FNDA:1,_ZN5neml219OnesPrimitiveTensorINS_2R3EE16expected_optionsEv
FNDA:1,_ZN5neml219OnesPrimitiveTensorINS_2R4EE16expected_optionsEv
FNDA:1,_ZN5neml219OnesPrimitiveTensorINS_2R5EE16expected_optionsEv
FNDA:1,_ZN5neml219OnesPrimitiveTensorINS_2R8EE16expected_optionsEv
FNDA:1,_ZN5neml219OnesPrimitiveTensorINS_3RotEE16expected_optionsEv
FNDA:1,_ZN5neml219OnesPrimitiveTensorINS_3SR2EE16expected_optionsEv
FNDA:1,_ZN5neml219OnesPrimitiveTensorINS_3VecEE16expected_optionsEv
FNDA:1,_ZN5neml219OnesPrimitiveTensorINS_3WR2EE16expected_optionsEv
FNDA:1,_ZN5neml219OnesPrimitiveTensorINS_4SFR3EE16expected_optionsEv
FNDA:1,_ZN5neml219OnesPrimitiveTensorINS_4SFR4EE16expected_optionsEv
FNDA:1,_ZN5neml219OnesPrimitiveTensorINS_4SSR4EE16expected_optionsEv
FNDA:1,_ZN5neml219OnesPrimitiveTensorINS_4SWR4EE16expected_optionsEv
FNDA:1,_ZN5neml219OnesPrimitiveTensorINS_4WFR4EE16expected_optionsEv
FNDA:1,_ZN5neml219OnesPrimitiveTensorINS_4WSR4EE16expected_optionsEv
FNDA:1,_ZN5neml219OnesPrimitiveTensorINS_4WWR4EE16expected_optionsEv
FNDA:1,_ZN5neml219OnesPrimitiveTensorINS_5SFFR4EE16expected_optionsEv
FNDA:1,_ZN5neml219OnesPrimitiveTensorINS_5SSFR5EE16expected_optionsEv
FNDA:1,_ZN5neml219OnesPrimitiveTensorINS_6SSSSR8EE16expected_optionsEv
FNDA:1,_ZN5neml219OnesPrimitiveTensorINS_6ScalarEE16expected_optionsEv
FNDA:0,_ZN5neml219OnesPrimitiveTensorINS_10QuaternionEEC2ERKNS_9OptionSetE
FNDA:0,_ZN5neml219OnesPrimitiveTensorINS_11MillerIndexEEC2ERKNS_9OptionSetE
FNDA:1,_ZN5neml219OnesPrimitiveTensorINS_2R2EEC2ERKNS_9OptionSetE
FNDA:1,_ZN5neml219OnesPrimitiveTensorINS_2R3EEC2ERKNS_9OptionSetE
FNDA:1,_ZN5neml219OnesPrimitiveTensorINS_2R4EEC2ERKNS_9OptionSetE
FNDA:1,_ZN5neml219OnesPrimitiveTensorINS_2R5EEC2ERKNS_9OptionSetE
FNDA:0,_ZN5neml219OnesPrimitiveTensorINS_2R8EEC2ERKNS_9OptionSetE
FNDA:1,_ZN5neml219OnesPrimitiveTensorINS_3RotEEC2ERKNS_9OptionSetE
FNDA:1,_ZN5neml219OnesPrimitiveTensorINS_3SR2EEC2ERKNS_9OptionSetE
FNDA:1,_ZN5neml219OnesPrimitiveTensorINS_3VecEEC2ERKNS_9OptionSetE
FNDA:0,_ZN5neml219OnesPrimitiveTensorINS_3WR2EEC2ERKNS_9OptionSetE
FNDA:1,_ZN5neml219OnesPrimitiveTensorINS_4SFR3EEC2ERKNS_9OptionSetE
FNDA:0,_ZN5neml219OnesPrimitiveTensorINS_4SFR4EEC2ERKNS_9OptionSetE
FNDA:1,_ZN5neml219OnesPrimitiveTensorINS_4SSR4EEC2ERKNS_9OptionSetE
FNDA:0,_ZN5neml219OnesPrimitiveTensorINS_4SWR4EEC2ERKNS_9OptionSetE
FNDA:0,_ZN5neml219OnesPrimitiveTensorINS_4WFR4EEC2ERKNS_9OptionSetE
FNDA:0,_ZN5neml219OnesPrimitiveTensorINS_4WSR4EEC2ERKNS_9OptionSetE
FNDA:0,_ZN5neml219OnesPrimitiveTensorINS_4WWR4EEC2ERKNS_9OptionSetE
FNDA:0,_ZN5neml219OnesPrimitiveTensorINS_5SFFR4EEC2ERKNS_9OptionSetE
FNDA:1,_ZN5neml219OnesPrimitiveTensorINS_5SSFR5EEC2ERKNS_9OptionSetE
FNDA:0,_ZN5neml219OnesPrimitiveTensorINS_6SSSSR8EEC2ERKNS_9OptionSetE
FNDA:1,_ZN5neml219OnesPrimitiveTensorINS_6ScalarEEC2ERKNS_9OptionSetE
FNF:44
FNH:33
DA:37,22
DA:41,22
DA:43,22
DA:44,22
DA:46,66
DA:47,22
DA:49,44
DA:50,22
DA:53,11
DA:54,33
DA:55,22
DA:57,11
LF:12
LH:12
end_of_record
TN:
SF:/home/runner/work/neml2/neml2/src/neml2/tensors/user_tensors/OnesTensor.cxx
FN:32,44,_ZN5neml210OnesTensor16expected_optionsEv
FN:46,52,_ZN5neml210OnesTensorC2ERKNS_9OptionSetE
FNDA:1,_ZN5neml210OnesTensor16expected_optionsEv
FNDA:1,_ZN5neml210OnesTensorC2ERKNS_9OptionSetE
FNF:2
FNH:2
DA:32,1
DA:34,1
DA:35,1
DA:37,3
DA:38,1
DA:40,3
DA:41,1
DA:43,1
DA:44,0
DA:46,1
DA:47,2
DA:49,1
DA:50,4
DA:52,1
LF:14
LH:13
end_of_record
TN:
SF:/home/runner/work/neml2/neml2/src/neml2/tensors/user_tensors/Orientation.cxx
FN:107,113,_ZNK5neml211Orientation16expand_as_neededERKNS_3RotEj
FN:35,70,_ZN5neml211Orientation16expected_optionsEv
FN:72,76,_ZN5neml211OrientationC2ERKNS_9OptionSetE
FN:79,104,_ZNK5neml211Orientation4fillERKNS_9OptionSetE
FNDA:6,_ZNK5neml211Orientation16expand_as_neededERKNS_3RotEj
FNDA:1,_ZN5neml211Orientation16expected_optionsEv
FNDA:6,_ZN5neml211OrientationC2ERKNS_9OptionSetE
FNDA:6,_ZNK5neml211Orientation4fillERKNS_9OptionSetE
FNF:4
FNH:4
DA:35,1
DA:37,1
DA:39,1
DA:43,1
DA:45,2
DA:46,3
DA:47,1
DA:49,2
DA:50,2
DA:52,2
DA:53,1
DA:55,3
DA:56,2
DA:58,2
DA:59,3
DA:61,1
DA:63,2
DA:64,2
DA:66,2
DA:67,1
DA:69,1
DA:70,0
DA:72,6
DA:74,6
DA:76,6
DA:79,6
DA:81,6
DA:83,6
DA:84,6
DA:86,12
DA:87,12
DA:88,24
DA:89,12
DA:90,12
DA:91,24
DA:93,0
DA:95,0
DA:98,0
DA:100,12
DA:101,0
DA:103,6
DA:104,6
DA:107,6
DA:109,6
DA:110,0
DA:112,6
DA:113,0
LF:47
LH:40
end_of_record
TN:
SF:/home/runner/work/neml2/neml2/src/neml2/tensors/user_tensors/UserPrimitiveTensor.cxx
FN:38,56,_ZN5neml219UserPrimitiveTensorINS_10QuaternionEE16expected_optionsEv
FN:38,56,_ZN5neml219UserPrimitiveTensorINS_11MillerIndexEE16expected_optionsEv
FN:38,56,_ZN5neml219UserPrimitiveTensorINS_2R2EE16expected_optionsEv
FN:38,56,_ZN5neml219UserPrimitiveTensorINS_2R3EE16expected_optionsEv
FN:38,56,_ZN5neml219UserPrimitiveTensorINS_2R4EE16expected_optionsEv
FN:38,56,_ZN5neml219UserPrimitiveTensorINS_2R5EE16expected_optionsEv
FN:38,56,_ZN5neml219UserPrimitiveTensorINS_2R8EE16expected_optionsEv
FN:38,56,_ZN5neml219UserPrimitiveTensorINS_3RotEE16expected_optionsEv
FN:38,56,_ZN5neml219UserPrimitiveTensorINS_3SR2EE16expected_optionsEv
FN:38,56,_ZN5neml219UserPrimitiveTensorINS_3VecEE16expected_optionsEv
FN:38,56,_ZN5neml219UserPrimitiveTensorINS_3WR2EE16expected_optionsEv
FN:38,56,_ZN5neml219UserPrimitiveTensorINS_4SFR3EE16expected_optionsEv
FN:38,56,_ZN5neml219UserPrimitiveTensorINS_4SFR4EE16expected_optionsEv
FN:38,56,_ZN5neml219UserPrimitiveTensorINS_4SSR4EE16expected_optionsEv
FN:38,56,_ZN5neml219UserPrimitiveTensorINS_4SWR4EE16expected_optionsEv
FN:38,56,_ZN5neml219UserPrimitiveTensorINS_4WFR4EE16expected_optionsEv
FN:38,56,_ZN5neml219UserPrimitiveTensorINS_4WSR4EE16expected_optionsEv
FN:38,56,_ZN5neml219UserPrimitiveTensorINS_4WWR4EE16expected_optionsEv
FN:38,56,_ZN5neml219UserPrimitiveTensorINS_5SFFR4EE16expected_optionsEv
FN:38,56,_ZN5neml219UserPrimitiveTensorINS_5SSFR5EE16expected_optionsEv
FN:38,56,_ZN5neml219UserPrimitiveTensorINS_6SSSSR8EE16expected_optionsEv
FN:38,56,_ZN5neml219UserPrimitiveTensorINS_6ScalarEE16expected_optionsEv
FN:59,77,_ZN5neml219UserPrimitiveTensorINS_10QuaternionEEC2ERKNS_9OptionSetE
FN:59,77,_ZN5neml219UserPrimitiveTensorINS_11MillerIndexEEC2ERKNS_9OptionSetE
FN:59,77,_ZN5neml219UserPrimitiveTensorINS_2R2EEC2ERKNS_9OptionSetE
FN:59,77,_ZN5neml219UserPrimitiveTensorINS_2R3EEC2ERKNS_9OptionSetE
FN:59,77,_ZN5neml219UserPrimitiveTensorINS_2R4EEC2ERKNS_9OptionSetE
FN:59,77,_ZN5neml219UserPrimitiveTensorINS_2R5EEC2ERKNS_9OptionSetE
FN:59,77,_ZN5neml219UserPrimitiveTensorINS_2R8EEC2ERKNS_9OptionSetE
FN:59,77,_ZN5neml219UserPrimitiveTensorINS_3RotEEC2ERKNS_9OptionSetE
FN:59,77,_ZN5neml219UserPrimitiveTensorINS_3SR2EEC2ERKNS_9OptionSetE
FN:59,77,_ZN5neml219UserPrimitiveTensorINS_3VecEEC2ERKNS_9OptionSetE
FN:59,77,_ZN5neml219UserPrimitiveTensorINS_3WR2EEC2ERKNS_9OptionSetE
FN:59,77,_ZN5neml219UserPrimitiveTensorINS_4SFR3EEC2ERKNS_9OptionSetE
FN:59,77,_ZN5neml219UserPrimitiveTensorINS_4SFR4EEC2ERKNS_9OptionSetE
FN:59,77,_ZN5neml219UserPrimitiveTensorINS_4SSR4EEC2ERKNS_9OptionSetE
FN:59,77,_ZN5neml219UserPrimitiveTensorINS_4SWR4EEC2ERKNS_9OptionSetE
FN:59,77,_ZN5neml219UserPrimitiveTensorINS_4WFR4EEC2ERKNS_9OptionSetE
FN:59,77,_ZN5neml219UserPrimitiveTensorINS_4WSR4EEC2ERKNS_9OptionSetE
FN:59,77,_ZN5neml219UserPrimitiveTensorINS_4WWR4EEC2ERKNS_9OptionSetE
FN:59,77,_ZN5neml219UserPrimitiveTensorINS_5SFFR4EEC2ERKNS_9OptionSetE
FN:59,77,_ZN5neml219UserPrimitiveTensorINS_5SSFR5EEC2ERKNS_9OptionSetE
FN:59,77,_ZN5neml219UserPrimitiveTensorINS_6SSSSR8EEC2ERKNS_9OptionSetE
FN:59,77,_ZN5neml219UserPrimitiveTensorINS_6ScalarEEC2ERKNS_9OptionSetE
FNDA:1,_ZN5neml219UserPrimitiveTensorINS_10QuaternionEE16expected_optionsEv
FNDA:1,_ZN5neml219UserPrimitiveTensorINS_11MillerIndexEE16expected_optionsEv
FNDA:1,_ZN5neml219UserPrimitiveTensorINS_2R2EE16expected_optionsEv
FNDA:1,_ZN5neml219UserPrimitiveTensorINS_2R3EE16expected_optionsEv
FNDA:1,_ZN5neml219UserPrimitiveTensorINS_2R4EE16expected_optionsEv
FNDA:1,_ZN5neml219UserPrimitiveTensorINS_2R5EE16expected_optionsEv
FNDA:1,_ZN5neml219UserPrimitiveTensorINS_2R8EE16expected_optionsEv
FNDA:1,_ZN5neml219UserPrimitiveTensorINS_3RotEE16expected_optionsEv
FNDA:1,_ZN5neml219UserPrimitiveTensorINS_3SR2EE16expected_optionsEv
FNDA:1,_ZN5neml219UserPrimitiveTensorINS_3VecEE16expected_optionsEv
FNDA:1,_ZN5neml219UserPrimitiveTensorINS_3WR2EE16expected_optionsEv
FNDA:1,_ZN5neml219UserPrimitiveTensorINS_4SFR3EE16expected_optionsEv
FNDA:1,_ZN5neml219UserPrimitiveTensorINS_4SFR4EE16expected_optionsEv
FNDA:1,_ZN5neml219UserPrimitiveTensorINS_4SSR4EE16expected_optionsEv
FNDA:1,_ZN5neml219UserPrimitiveTensorINS_4SWR4EE16expected_optionsEv
FNDA:1,_ZN5neml219UserPrimitiveTensorINS_4WFR4EE16expected_optionsEv
FNDA:1,_ZN5neml219UserPrimitiveTensorINS_4WSR4EE16expected_optionsEv
FNDA:1,_ZN5neml219UserPrimitiveTensorINS_4WWR4EE16expected_optionsEv
FNDA:1,_ZN5neml219UserPrimitiveTensorINS_5SFFR4EE16expected_optionsEv
FNDA:1,_ZN5neml219UserPrimitiveTensorINS_5SSFR5EE16expected_optionsEv
FNDA:1,_ZN5neml219UserPrimitiveTensorINS_6SSSSR8EE16expected_optionsEv
FNDA:1,_ZN5neml219UserPrimitiveTensorINS_6ScalarEE16expected_optionsEv
FNDA:0,_ZN5neml219UserPrimitiveTensorINS_10QuaternionEEC2ERKNS_9OptionSetE
FNDA:0,_ZN5neml219UserPrimitiveTensorINS_11MillerIndexEEC2ERKNS_9OptionSetE
FNDA:1,_ZN5neml219UserPrimitiveTensorINS_2R2EEC2ERKNS_9OptionSetE
FNDA:1,_ZN5neml219UserPrimitiveTensorINS_2R3EEC2ERKNS_9OptionSetE
FNDA:1,_ZN5neml219UserPrimitiveTensorINS_2R4EEC2ERKNS_9OptionSetE
FNDA:1,_ZN5neml219UserPrimitiveTensorINS_2R5EEC2ERKNS_9OptionSetE
FNDA:0,_ZN5neml219UserPrimitiveTensorINS_2R8EEC2ERKNS_9OptionSetE
FNDA:1,_ZN5neml219UserPrimitiveTensorINS_3RotEEC2ERKNS_9OptionSetE
FNDA:3,_ZN5neml219UserPrimitiveTensorINS_3SR2EEC2ERKNS_9OptionSetE
FNDA:25,_ZN5neml219UserPrimitiveTensorINS_3VecEEC2ERKNS_9OptionSetE
FNDA:0,_ZN5neml219UserPrimitiveTensorINS_3WR2EEC2ERKNS_9OptionSetE
FNDA:1,_ZN5neml219UserPrimitiveTensorINS_4SFR3EEC2ERKNS_9OptionSetE
FNDA:1,_ZN5neml219UserPrimitiveTensorINS_4SFR4EEC2ERKNS_9OptionSetE
FNDA:10,_ZN5neml219UserPrimitiveTensorINS_4SSR4EEC2ERKNS_9OptionSetE
FNDA:0,_ZN5neml219UserPrimitiveTensorINS_4SWR4EEC2ERKNS_9OptionSetE
FNDA:1,_ZN5neml219UserPrimitiveTensorINS_4WFR4EEC2ERKNS_9OptionSetE
FNDA:0,_ZN5neml219UserPrimitiveTensorINS_4WSR4EEC2ERKNS_9OptionSetE
FNDA:0,_ZN5neml219UserPrimitiveTensorINS_4WWR4EEC2ERKNS_9OptionSetE
FNDA:0,_ZN5neml219UserPrimitiveTensorINS_5SFFR4EEC2ERKNS_9OptionSetE
FNDA:1,_ZN5neml219UserPrimitiveTensorINS_5SSFR5EEC2ERKNS_9OptionSetE
FNDA:0,_ZN5neml219UserPrimitiveTensorINS_6SSSSR8EEC2ERKNS_9OptionSetE
FNDA:56,_ZN5neml219UserPrimitiveTensorINS_6ScalarEEC2ERKNS_9OptionSetE
FNF:44
FNH:35
DA:38,22
DA:42,22
DA:44,22
DA:45,22
DA:49,44
DA:50,22
DA:52,66
DA:53,22
DA:55,44
DA:56,22
DA:59,103
DA:60,309
DA:61,206
DA:63,103
DA:64,103
DA:65,103
DA:66,171
DA:67,46
DA:68,138
DA:70,0
DA:72,0
DA:74,0
DA:76,0
DA:77,206
LF:24
LH:20
end_of_record
TN:
SF:/home/runner/work/neml2/neml2/src/neml2/tensors/user_tensors/UserTensor.cxx
FN:32,48,_ZN5neml210UserTensor16expected_optionsEv
FN:50,70,_ZN5neml210UserTensorC2ERKNS_9OptionSetE
FNDA:1,_ZN5neml210UserTensor16expected_optionsEv
FNDA:10,_ZN5neml210UserTensorC2ERKNS_9OptionSetE
FNF:2
FNH:2
DA:32,1
DA:34,1
DA:35,1
DA:36,1
DA:38,2
DA:39,1
DA:41,3
DA:42,1
DA:44,3
DA:45,1
DA:47,1
DA:48,0
DA:50,10
DA:51,20
DA:53,10
DA:54,40
DA:56,10
DA:57,10
DA:58,10
DA:59,21
DA:60,3
DA:61,6
DA:63,1
DA:65,1
DA:67,2
DA:69,2
DA:70,22
LF:27
LH:26
end_of_record
TN:
SF:/home/runner/work/neml2/neml2/src/neml2/tensors/user_tensors/UserTensorBase.cxx
FN:30,35,_ZN5neml214UserTensorBase16expected_optionsEv
FN:37,40,_ZN5neml214UserTensorBaseC2ERKNS_9OptionSetE
FNDA:169,_ZN5neml214UserTensorBase16expected_optionsEv
FNDA:815,_ZN5neml214UserTensorBaseC2ERKNS_9OptionSetE
FNF:2
FNH:2
DA:30,169
DA:32,169
DA:33,169
DA:34,169
DA:35,0
DA:37,815
DA:38,815
DA:40,815
LF:8
LH:7
end_of_record
TN:
SF:/home/runner/work/neml2/neml2/src/neml2/tensors/user_tensors/ZerosPrimitiveTensor.cxx
FN:38,51,_ZN5neml220ZerosPrimitiveTensorINS_10QuaternionEE16expected_optionsEv
FN:38,51,_ZN5neml220ZerosPrimitiveTensorINS_11MillerIndexEE16expected_optionsEv
FN:38,51,_ZN5neml220ZerosPrimitiveTensorINS_2R2EE16expected_optionsEv
FN:38,51,_ZN5neml220ZerosPrimitiveTensorINS_2R3EE16expected_optionsEv
FN:38,51,_ZN5neml220ZerosPrimitiveTensorINS_2R4EE16expected_optionsEv
FN:38,51,_ZN5neml220ZerosPrimitiveTensorINS_2R5EE16expected_optionsEv
FN:38,51,_ZN5neml220ZerosPrimitiveTensorINS_2R8EE16expected_optionsEv
FN:38,51,_ZN5neml220ZerosPrimitiveTensorINS_3RotEE16expected_optionsEv
FN:38,51,_ZN5neml220ZerosPrimitiveTensorINS_3SR2EE16expected_optionsEv
FN:38,51,_ZN5neml220ZerosPrimitiveTensorINS_3VecEE16expected_optionsEv
FN:38,51,_ZN5neml220ZerosPrimitiveTensorINS_3WR2EE16expected_optionsEv
FN:38,51,_ZN5neml220ZerosPrimitiveTensorINS_4SFR3EE16expected_optionsEv
FN:38,51,_ZN5neml220ZerosPrimitiveTensorINS_4SFR4EE16expected_optionsEv
FN:38,51,_ZN5neml220ZerosPrimitiveTensorINS_4SSR4EE16expected_optionsEv
FN:38,51,_ZN5neml220ZerosPrimitiveTensorINS_4SWR4EE16expected_optionsEv
FN:38,51,_ZN5neml220ZerosPrimitiveTensorINS_4WFR4EE16expected_optionsEv
FN:38,51,_ZN5neml220ZerosPrimitiveTensorINS_4WSR4EE16expected_optionsEv
FN:38,51,_ZN5neml220ZerosPrimitiveTensorINS_4WWR4EE16expected_optionsEv
FN:38,51,_ZN5neml220ZerosPrimitiveTensorINS_5SFFR4EE16expected_optionsEv
FN:38,51,_ZN5neml220ZerosPrimitiveTensorINS_5SSFR5EE16expected_optionsEv
FN:38,51,_ZN5neml220ZerosPrimitiveTensorINS_6SSSSR8EE16expected_optionsEv
FN:38,51,_ZN5neml220ZerosPrimitiveTensorINS_6ScalarEE16expected_optionsEv
FN:54,58,_ZN5neml220ZerosPrimitiveTensorINS_10QuaternionEEC2ERKNS_9OptionSetE
FN:54,58,_ZN5neml220ZerosPrimitiveTensorINS_11MillerIndexEEC2ERKNS_9OptionSetE
FN:54,58,_ZN5neml220ZerosPrimitiveTensorINS_2R2EEC2ERKNS_9OptionSetE
FN:54,58,_ZN5neml220ZerosPrimitiveTensorINS_2R3EEC2ERKNS_9OptionSetE
FN:54,58,_ZN5neml220ZerosPrimitiveTensorINS_2R4EEC2ERKNS_9OptionSetE
FN:54,58,_ZN5neml220ZerosPrimitiveTensorINS_2R5EEC2ERKNS_9OptionSetE
FN:54,58,_ZN5neml220ZerosPrimitiveTensorINS_2R8EEC2ERKNS_9OptionSetE
FN:54,58,_ZN5neml220ZerosPrimitiveTensorINS_3RotEEC2ERKNS_9OptionSetE
FN:54,58,_ZN5neml220ZerosPrimitiveTensorINS_3SR2EEC2ERKNS_9OptionSetE
FN:54,58,_ZN5neml220ZerosPrimitiveTensorINS_3VecEEC2ERKNS_9OptionSetE
FN:54,58,_ZN5neml220ZerosPrimitiveTensorINS_3WR2EEC2ERKNS_9OptionSetE
FN:54,58,_ZN5neml220ZerosPrimitiveTensorINS_4SFR3EEC2ERKNS_9OptionSetE
FN:54,58,_ZN5neml220ZerosPrimitiveTensorINS_4SFR4EEC2ERKNS_9OptionSetE
FN:54,58,_ZN5neml220ZerosPrimitiveTensorINS_4SSR4EEC2ERKNS_9OptionSetE
FN:54,58,_ZN5neml220ZerosPrimitiveTensorINS_4SWR4EEC2ERKNS_9OptionSetE
FN:54,58,_ZN5neml220ZerosPrimitiveTensorINS_4WFR4EEC2ERKNS_9OptionSetE
FN:54,58,_ZN5neml220ZerosPrimitiveTensorINS_4WSR4EEC2ERKNS_9OptionSetE
FN:54,58,_ZN5neml220ZerosPrimitiveTensorINS_4WWR4EEC2ERKNS_9OptionSetE
FN:54,58,_ZN5neml220ZerosPrimitiveTensorINS_5SFFR4EEC2ERKNS_9OptionSetE
FN:54,58,_ZN5neml220ZerosPrimitiveTensorINS_5SSFR5EEC2ERKNS_9OptionSetE
FN:54,58,_ZN5neml220ZerosPrimitiveTensorINS_6SSSSR8EEC2ERKNS_9OptionSetE
FN:54,58,_ZN5neml220ZerosPrimitiveTensorINS_6ScalarEEC2ERKNS_9OptionSetE
FNDA:1,_ZN5neml220ZerosPrimitiveTensorINS_10QuaternionEE16expected_optionsEv
FNDA:1,_ZN5neml220ZerosPrimitiveTensorINS_11MillerIndexEE16expected_optionsEv
FNDA:1,_ZN5neml220ZerosPrimitiveTensorINS_2R2EE16expected_optionsEv
FNDA:1,_ZN5neml220ZerosPrimitiveTensorINS_2R3EE16expected_optionsEv
FNDA:1,_ZN5neml220ZerosPrimitiveTensorINS_2R4EE16expected_optionsEv
FNDA:1,_ZN5neml220ZerosPrimitiveTensorINS_2R5EE16expected_optionsEv
FNDA:1,_ZN5neml220ZerosPrimitiveTensorINS_2R8EE16expected_optionsEv
FNDA:1,_ZN5neml220ZerosPrimitiveTensorINS_3RotEE16expected_optionsEv
FNDA:1,_ZN5neml220ZerosPrimitiveTensorINS_3SR2EE16expected_optionsEv
FNDA:1,_ZN5neml220ZerosPrimitiveTensorINS_3VecEE16expected_optionsEv
FNDA:1,_ZN5neml220ZerosPrimitiveTensorINS_3WR2EE16expected_optionsEv
FNDA:1,_ZN5neml220ZerosPrimitiveTensorINS_4SFR3EE16expected_optionsEv
FNDA:1,_ZN5neml220ZerosPrimitiveTensorINS_4SFR4EE16expected_optionsEv
FNDA:1,_ZN5neml220ZerosPrimitiveTensorINS_4SSR4EE16expected_optionsEv
FNDA:1,_ZN5neml220ZerosPrimitiveTensorINS_4SWR4EE16expected_optionsEv
FNDA:1,_ZN5neml220ZerosPrimitiveTensorINS_4WFR4EE16expected_optionsEv
FNDA:1,_ZN5neml220ZerosPrimitiveTensorINS_4WSR4EE16expected_optionsEv
FNDA:1,_ZN5neml220ZerosPrimitiveTensorINS_4WWR4EE16expected_optionsEv
FNDA:1,_ZN5neml220ZerosPrimitiveTensorINS_5SFFR4EE16expected_optionsEv
FNDA:1,_ZN5neml220ZerosPrimitiveTensorINS_5SSFR5EE16expected_optionsEv
FNDA:1,_ZN5neml220ZerosPrimitiveTensorINS_6SSSSR8EE16expected_optionsEv
FNDA:1,_ZN5neml220ZerosPrimitiveTensorINS_6ScalarEE16expected_optionsEv
FNDA:0,_ZN5neml220ZerosPrimitiveTensorINS_10QuaternionEEC2ERKNS_9OptionSetE
FNDA:0,_ZN5neml220ZerosPrimitiveTensorINS_11MillerIndexEEC2ERKNS_9OptionSetE
FNDA:1,_ZN5neml220ZerosPrimitiveTensorINS_2R2EEC2ERKNS_9OptionSetE
FNDA:1,_ZN5neml220ZerosPrimitiveTensorINS_2R3EEC2ERKNS_9OptionSetE
FNDA:1,_ZN5neml220ZerosPrimitiveTensorINS_2R4EEC2ERKNS_9OptionSetE
FNDA:1,_ZN5neml220ZerosPrimitiveTensorINS_2R5EEC2ERKNS_9OptionSetE
FNDA:0,_ZN5neml220ZerosPrimitiveTensorINS_2R8EEC2ERKNS_9OptionSetE
FNDA:1,_ZN5neml220ZerosPrimitiveTensorINS_3RotEEC2ERKNS_9OptionSetE
FNDA:1,_ZN5neml220ZerosPrimitiveTensorINS_3SR2EEC2ERKNS_9OptionSetE
FNDA:1,_ZN5neml220ZerosPrimitiveTensorINS_3VecEEC2ERKNS_9OptionSetE
FNDA:0,_ZN5neml220ZerosPrimitiveTensorINS_3WR2EEC2ERKNS_9OptionSetE
FNDA:1,_ZN5neml220ZerosPrimitiveTensorINS_4SFR3EEC2ERKNS_9OptionSetE
FNDA:1,_ZN5neml220ZerosPrimitiveTensorINS_4SFR4EEC2ERKNS_9OptionSetE
FNDA:1,_ZN5neml220ZerosPrimitiveTensorINS_4SSR4EEC2ERKNS_9OptionSetE
FNDA:0,_ZN5neml220ZerosPrimitiveTensorINS_4SWR4EEC2ERKNS_9OptionSetE
FNDA:1,_ZN5neml220ZerosPrimitiveTensorINS_4WFR4EEC2ERKNS_9OptionSetE
FNDA:0,_ZN5neml220ZerosPrimitiveTensorINS_4WSR4EEC2ERKNS_9OptionSetE
FNDA:0,_ZN5neml220ZerosPrimitiveTensorINS_4WWR4EEC2ERKNS_9OptionSetE
FNDA:0,_ZN5neml220ZerosPrimitiveTensorINS_5SFFR4EEC2ERKNS_9OptionSetE
FNDA:1,_ZN5neml220ZerosPrimitiveTensorINS_5SSFR5EEC2ERKNS_9OptionSetE
FNDA:0,_ZN5neml220ZerosPrimitiveTensorINS_6SSSSR8EEC2ERKNS_9OptionSetE
FNDA:1,_ZN5neml220ZerosPrimitiveTensorINS_6ScalarEEC2ERKNS_9OptionSetE
FNF:44
FNH:35
DA:38,22
DA:42,22
DA:44,22
DA:45,22
DA:47,66
DA:48,22
DA:50,44
DA:51,22
DA:54,13
DA:55,39
DA:56,26
DA:58,13
LF:12
LH:12
end_of_record
TN:
SF:/home/runner/work/neml2/neml2/src/neml2/tensors/user_tensors/ZerosTensor.cxx
FN:32,44,_ZN5neml211ZerosTensor16expected_optionsEv
FN:46,52,_ZN5neml211ZerosTensorC2ERKNS_9OptionSetE
FNDA:1,_ZN5neml211ZerosTensor16expected_optionsEv
FNDA:1,_ZN5neml211ZerosTensorC2ERKNS_9OptionSetE
FNF:2
FNH:2
DA:32,1
DA:34,1
DA:35,1
DA:37,3
DA:38,1
DA:40,3
DA:41,1
DA:43,1
DA:44,0
DA:46,1
DA:47,2
DA:49,1
DA:50,4
DA:52,1
LF:14
LH:13
end_of_record
